[inst #1] addi x1,x0,5
Register Write to Reg: 0x01 Val: 0x00000005
[inst #2] addi x2,x0,5
Register Write to Reg: 0x02 Val: 0x00000005
[inst #3] beq x1,x2,8
[inst #4] addi x4,x0,3
Register Write to Reg: 0x04 Val: 0x00000003
[inst #5] addi x5,x0,9
Register Write to Reg: 0x05 Val: 0x00000009
[inst #6] beq x4,x5,28
[inst #7] addi x6,x0,1
Register Write to Reg: 0x06 Val: 0x00000001
[inst #8] addi x7,x0,42
Register Write to Reg: 0x07 Val: 0x0000002A
[inst #9] beq x7,x7,8
[inst #10] addi x9,x0,1
Register Write to Reg: 0x09 Val: 0x00000001
[inst #11] wfi 
[inst #12] wfi 

Program terminated by dropping off the bottom.
