[inst #1] addi x1,x0,1
Register Write to Reg: 0x01 Val: 0x00000001
[inst #2] add x1,x1,x1
Register Write to Reg: 0x01 Val: 0x00000002
[inst #3] add x1,x1,x1
Register Write to Reg: 0x01 Val: 0x00000004
[inst #4] add x1,x1,x1
Register Write to Reg: 0x01 Val: 0x00000008
[inst #5] add x1,x1,x1
Register Write to Reg: 0x01 Val: 0x00000010
[inst #6] add x1,x1,x1
Register Write to Reg: 0x01 Val: 0x00000020
[inst #7] add x1,x1,x1
Register Write to Reg: 0x01 Val: 0x00000040
[inst #8] add x1,x1,x1
Register Write to Reg: 0x01 Val: 0x00000080
[inst #9] add x1,x1,x1
Register Write to Reg: 0x01 Val: 0x00000100
[inst #10] add x1,x1,x1
Register Write to Reg: 0x01 Val: 0x00000200
[inst #11] add x1,x1,x1
Register Write to Reg: 0x01 Val: 0x00000400
[inst #12] add x1,x1,x1
Register Write to Reg: 0x01 Val: 0x00000800
[inst #13] add x1,x1,x1
Register Write to Reg: 0x01 Val: 0x00001000
[inst #14] add x1,x1,x1
Register Write to Reg: 0x01 Val: 0x00002000
[inst #15] add x1,x1,x1
Register Write to Reg: 0x01 Val: 0x00004000
[inst #16] add x1,x1,x1
Register Write to Reg: 0x01 Val: 0x00008000
[inst #17] add x1,x1,x1
Register Write to Reg: 0x01 Val: 0x00010000
[inst #18] add x1,x1,x1
Register Write to Reg: 0x01 Val: 0x00020000
[inst #19] add x1,x1,x1
Register Write to Reg: 0x01 Val: 0x00040000
[inst #20] add x1,x1,x1
Register Write to Reg: 0x01 Val: 0x00080000
[inst #21] add x1,x1,x1
Register Write to Reg: 0x01 Val: 0x00100000
[inst #22] add x1,x1,x1
Register Write to Reg: 0x01 Val: 0x00200000
[inst #23] add x1,x1,x1
Register Write to Reg: 0x01 Val: 0x00400000
[inst #24] add x1,x1,x1
Register Write to Reg: 0x01 Val: 0x00800000
[inst #25] add x1,x1,x1
Register Write to Reg: 0x01 Val: 0x01000000
[inst #26] add x1,x1,x1
Register Write to Reg: 0x01 Val: 0x02000000
[inst #27] add x1,x1,x1
Register Write to Reg: 0x01 Val: 0x04000000
[inst #28] add x1,x1,x1
Register Write to Reg: 0x01 Val: 0x08000000
[inst #29] add x1,x1,x1
Register Write to Reg: 0x01 Val: 0x10000000
[inst #30] add x1,x1,x1
Register Write to Reg: 0x01 Val: 0x20000000
[inst #31] add x1,x1,x1
Register Write to Reg: 0x01 Val: 0x40000000
[inst #32] add x2,x1,x0
Register Write to Reg: 0x02 Val: 0x40000000
[inst #33] add x3,x1,x2
Register Write to Reg: 0x03 Val: 0x80000000
[inst #34] add x4,x3,x3
Register Write to Reg: 0x04 Val: 0x00000000
[inst #35] add x5,x4,x0
Register Write to Reg: 0x05 Val: 0x00000000
[inst #36] add x6,x3,x0
Register Write to Reg: 0x06 Val: 0x80000000
[inst #37] addi x17,x0,93
Register Write to Reg: 0x11 Val: 0x0000005D
[inst #38] wfi 

Program terminated by dropping off the bottom.
