In clock cycle: 0
Register Write to Reg: 0x02 Val: 0x80000000
In clock cycle: 1
Register Write to Reg: 0x0A Val: 0x10010004
In clock cycle: 2
Register Write to Reg: 0x0A Val: 0x10010000
In clock cycle: 3
Register Write to Reg: 0x0B Val: 0x1001000C
In clock cycle: 4
Register Write to Reg: 0x0B Val: 0x10010030
In clock cycle: 5
Register Write to Reg: 0x0B Val: 0x0000000B
In clock cycle: 6
Register Write to Reg: 0x0A Val: 0x10010018
In clock cycle: 7
Register Write to Reg: 0x0A Val: 0x10010000
In clock cycle: 8
Register Write to Reg: 0x0B Val: 0x00000000
In clock cycle: 9
Register Write to Reg: 0x0C Val: 0x10010024
In clock cycle: 10
Register Write to Reg: 0x0C Val: 0x10010030
In clock cycle: 11
Register Write to Reg: 0x0C Val: 0x0000000B
In clock cycle: 12
Register Write to Reg: 0x0C Val: 0x0000000A
In clock cycle: 13
Register Write to Reg: 0x01 Val: 0x00400038
In clock cycle: 14
Register Write to Reg: 0x02 Val: 0x7FFFFFE8
In clock cycle: 15
Memory Write to Addr: 0x7FFFFFFC Val: 0x00400038
In clock cycle: 16
Memory Write to Addr: 0x7FFFFFF8 Val: 0x10010000
In clock cycle: 17
Memory Write to Addr: 0x7FFFFFF4 Val: 0x00000000
In clock cycle: 18
Memory Write to Addr: 0x7FFFFFF0 Val: 0x0000000A
In clock cycle: 19
Memory Write to Addr: 0x7FFFFFEC Val: 0x00000000
In clock cycle: 21
Register Write to Reg: 0x05 Val: 0x0000000A
In clock cycle: 22
Register Write to Reg: 0x05 Val: 0x00000005
In clock cycle: 23
Memory Write to Addr: 0x7FFFFFEC Val: 0x00000005
In clock cycle: 24
Register Write to Reg: 0x0A Val: 0x10010000
In clock cycle: 25
Register Write to Reg: 0x0B Val: 0x00000000
In clock cycle: 26
Register Write to Reg: 0x0C Val: 0x00000005
In clock cycle: 27
Register Write to Reg: 0x01 Val: 0x00400074
In clock cycle: 28
Register Write to Reg: 0x02 Val: 0x7FFFFFD0
In clock cycle: 29
Memory Write to Addr: 0x7FFFFFE4 Val: 0x00400074
In clock cycle: 30
Memory Write to Addr: 0x7FFFFFE0 Val: 0x10010000
In clock cycle: 31
Memory Write to Addr: 0x7FFFFFDC Val: 0x00000000
In clock cycle: 32
Memory Write to Addr: 0x7FFFFFD8 Val: 0x00000005
In clock cycle: 33
Memory Write to Addr: 0x7FFFFFD4 Val: 0x00000000
In clock cycle: 35
Register Write to Reg: 0x05 Val: 0x00000005
In clock cycle: 36
Register Write to Reg: 0x05 Val: 0x00000002
In clock cycle: 37
Memory Write to Addr: 0x7FFFFFD4 Val: 0x00000002
In clock cycle: 38
Register Write to Reg: 0x0A Val: 0x10010000
In clock cycle: 39
Register Write to Reg: 0x0B Val: 0x00000000
In clock cycle: 40
Register Write to Reg: 0x0C Val: 0x00000002
In clock cycle: 41
Register Write to Reg: 0x01 Val: 0x00400074
In clock cycle: 42
Register Write to Reg: 0x02 Val: 0x7FFFFFB8
In clock cycle: 43
Memory Write to Addr: 0x7FFFFFCC Val: 0x00400074
In clock cycle: 44
Memory Write to Addr: 0x7FFFFFC8 Val: 0x10010000
In clock cycle: 45
Memory Write to Addr: 0x7FFFFFC4 Val: 0x00000000
In clock cycle: 46
Memory Write to Addr: 0x7FFFFFC0 Val: 0x00000002
In clock cycle: 47
Memory Write to Addr: 0x7FFFFFBC Val: 0x00000000
In clock cycle: 49
Register Write to Reg: 0x05 Val: 0x00000002
In clock cycle: 50
Register Write to Reg: 0x05 Val: 0x00000001
In clock cycle: 51
Memory Write to Addr: 0x7FFFFFBC Val: 0x00000001
In clock cycle: 52
Register Write to Reg: 0x0A Val: 0x10010000
In clock cycle: 53
Register Write to Reg: 0x0B Val: 0x00000000
In clock cycle: 54
Register Write to Reg: 0x0C Val: 0x00000001
In clock cycle: 55
Register Write to Reg: 0x01 Val: 0x00400074
In clock cycle: 56
Register Write to Reg: 0x02 Val: 0x7FFFFFA0
In clock cycle: 57
Memory Write to Addr: 0x7FFFFFB4 Val: 0x00400074
In clock cycle: 58
Memory Write to Addr: 0x7FFFFFB0 Val: 0x10010000
In clock cycle: 59
Memory Write to Addr: 0x7FFFFFAC Val: 0x00000000
In clock cycle: 60
Memory Write to Addr: 0x7FFFFFA8 Val: 0x00000001
In clock cycle: 61
Memory Write to Addr: 0x7FFFFFA4 Val: 0x00000000
In clock cycle: 63
Register Write to Reg: 0x05 Val: 0x00000001
In clock cycle: 64
Register Write to Reg: 0x05 Val: 0x00000000
In clock cycle: 65
Memory Write to Addr: 0x7FFFFFA4 Val: 0x00000000
In clock cycle: 66
Register Write to Reg: 0x0A Val: 0x10010000
In clock cycle: 67
Register Write to Reg: 0x0B Val: 0x00000000
In clock cycle: 68
Register Write to Reg: 0x0C Val: 0x00000000
In clock cycle: 69
Register Write to Reg: 0x01 Val: 0x00400074
In clock cycle: 70
Register Write to Reg: 0x02 Val: 0x7FFFFF88
In clock cycle: 71
Memory Write to Addr: 0x7FFFFF9C Val: 0x00400074
In clock cycle: 72
Memory Write to Addr: 0x7FFFFF98 Val: 0x10010000
In clock cycle: 73
Memory Write to Addr: 0x7FFFFF94 Val: 0x00000000
In clock cycle: 74
Memory Write to Addr: 0x7FFFFF90 Val: 0x00000000
In clock cycle: 75
Memory Write to Addr: 0x7FFFFF8C Val: 0x00000000
In clock cycle: 77
Register Write to Reg: 0x01 Val: 0x00400074
In clock cycle: 78
Register Write to Reg: 0x02 Val: 0x7FFFFFA0
In clock cycle: 79
Register Write to Reg: 0x00 Val: 0x004000A8
In clock cycle: 80
Register Write to Reg: 0x0A Val: 0x10010000
In clock cycle: 81
Register Write to Reg: 0x05 Val: 0x00000000
In clock cycle: 82
Register Write to Reg: 0x0B Val: 0x00000001
In clock cycle: 83
Register Write to Reg: 0x0C Val: 0x00000001
In clock cycle: 84
Register Write to Reg: 0x01 Val: 0x00400088
In clock cycle: 85
Register Write to Reg: 0x02 Val: 0x7FFFFF88
In clock cycle: 86
Memory Write to Addr: 0x7FFFFF9C Val: 0x00400088
In clock cycle: 87
Memory Write to Addr: 0x7FFFFF98 Val: 0x10010000
In clock cycle: 88
Memory Write to Addr: 0x7FFFFF94 Val: 0x00000001
In clock cycle: 89
Memory Write to Addr: 0x7FFFFF90 Val: 0x00000001
In clock cycle: 90
Memory Write to Addr: 0x7FFFFF8C Val: 0x00000000
In clock cycle: 92
Register Write to Reg: 0x01 Val: 0x00400088
In clock cycle: 93
Register Write to Reg: 0x02 Val: 0x7FFFFFA0
In clock cycle: 94
Register Write to Reg: 0x00 Val: 0x004000A8
In clock cycle: 95
Register Write to Reg: 0x0A Val: 0x10010000
In clock cycle: 96
Register Write to Reg: 0x0B Val: 0x00000000
In clock cycle: 97
Register Write to Reg: 0x0C Val: 0x00000000
In clock cycle: 98
Register Write to Reg: 0x0D Val: 0x00000001
In clock cycle: 99
Register Write to Reg: 0x01 Val: 0x0040009C
In clock cycle: 100
Register Write to Reg: 0x02 Val: 0x7FFFFF00
In clock cycle: 101
Memory Write to Addr: 0x7FFFFF9C Val: 0x0040009C
In clock cycle: 102
Memory Write to Addr: 0x7FFFFF98 Val: 0x10010000
In clock cycle: 103
Memory Write to Addr: 0x7FFFFF94 Val: 0x00000000
In clock cycle: 104
Memory Write to Addr: 0x7FFFFF90 Val: 0x00000000
In clock cycle: 105
Memory Write to Addr: 0x7FFFFF8C Val: 0x00000001
In clock cycle: 106
Register Write to Reg: 0x05 Val: 0x7FFFFF00
In clock cycle: 107
Register Write to Reg: 0x06 Val: 0x00000000
In clock cycle: 109
Register Write to Reg: 0x07 Val: 0x00000000
In clock cycle: 110
Register Write to Reg: 0x1C Val: 0x10010000
In clock cycle: 111
Register Write to Reg: 0x1D Val: 0x00000009
In clock cycle: 112
Register Write to Reg: 0x1E Val: 0x00000000
In clock cycle: 113
Register Write to Reg: 0x1E Val: 0x00000000
In clock cycle: 114
Register Write to Reg: 0x1F Val: 0x7FFFFF00
In clock cycle: 115
Memory Write to Addr: 0x7FFFFF00 Val: 0x00000009
In clock cycle: 116
Register Write to Reg: 0x06 Val: 0x00000001
In clock cycle: 117
Register Write to Reg: 0x00 Val: 0x004000F0
In clock cycle: 119
Register Write to Reg: 0x07 Val: 0x00000004
In clock cycle: 120
Register Write to Reg: 0x1C Val: 0x10010004
In clock cycle: 121
Register Write to Reg: 0x1D Val: 0x00000003
In clock cycle: 122
Register Write to Reg: 0x1E Val: 0x00000001
In clock cycle: 123
Register Write to Reg: 0x1E Val: 0x00000004
In clock cycle: 124
Register Write to Reg: 0x1F Val: 0x7FFFFF04
In clock cycle: 125
Memory Write to Addr: 0x7FFFFF04 Val: 0x00000003
In clock cycle: 126
Register Write to Reg: 0x06 Val: 0x00000002
In clock cycle: 127
Register Write to Reg: 0x00 Val: 0x004000F0
In clock cycle: 129
Register Write to Reg: 0x0A Val: 0x10010000
In clock cycle: 130
Register Write to Reg: 0x0B Val: 0x00000000
In clock cycle: 131
Register Write to Reg: 0x0C Val: 0x00000000
In clock cycle: 132
Register Write to Reg: 0x0D Val: 0x00000001
In clock cycle: 133
Register Write to Reg: 0x05 Val: 0x00000000
In clock cycle: 134
Register Write to Reg: 0x06 Val: 0x00000001
In clock cycle: 135
Register Write to Reg: 0x07 Val: 0x00000000
In clock cycle: 136
Register Write to Reg: 0x1C Val: 0x7FFFFF00
In clock cycle: 139
Register Write to Reg: 0x1D Val: 0x00000000
In clock cycle: 140
Register Write to Reg: 0x1D Val: 0x00000000
In clock cycle: 141
Register Write to Reg: 0x1E Val: 0x7FFFFF00
In clock cycle: 142
Register Write to Reg: 0x08 Val: 0x00000009
In clock cycle: 143
Register Write to Reg: 0x1D Val: 0x00000001
In clock cycle: 144
Register Write to Reg: 0x1D Val: 0x00000004
In clock cycle: 145
Register Write to Reg: 0x1E Val: 0x7FFFFF04
In clock cycle: 146
Register Write to Reg: 0x09 Val: 0x00000003
In clock cycle: 148
Register Write to Reg: 0x00 Val: 0x00400140
In clock cycle: 149
Register Write to Reg: 0x1D Val: 0x00000000
In clock cycle: 150
Register Write to Reg: 0x1E Val: 0x10010000
In clock cycle: 151
Memory Write to Addr: 0x10010000 Val: 0x00000003
In clock cycle: 152
Register Write to Reg: 0x06 Val: 0x00000002
In clock cycle: 153
Register Write to Reg: 0x07 Val: 0x00000001
In clock cycle: 154
Register Write to Reg: 0x00 Val: 0x00400170
In clock cycle: 158
Register Write to Reg: 0x1D Val: 0x00000000
In clock cycle: 159
Register Write to Reg: 0x1D Val: 0x00000000
In clock cycle: 160
Register Write to Reg: 0x1E Val: 0x7FFFFF00
In clock cycle: 161
Register Write to Reg: 0x08 Val: 0x00000009
In clock cycle: 162
Register Write to Reg: 0x1D Val: 0x00000004
In clock cycle: 163
Register Write to Reg: 0x1E Val: 0x10010004
In clock cycle: 164
Memory Write to Addr: 0x10010004 Val: 0x00000009
In clock cycle: 165
Register Write to Reg: 0x05 Val: 0x00000001
In clock cycle: 166
Register Write to Reg: 0x07 Val: 0x00000002
In clock cycle: 167
Register Write to Reg: 0x00 Val: 0x0040019C
In clock cycle: 169
Register Write to Reg: 0x01 Val: 0x0040009C
In clock cycle: 170
Register Write to Reg: 0x02 Val: 0x7FFFFFA0
In clock cycle: 171
Register Write to Reg: 0x00 Val: 0x004001D4
In clock cycle: 172
Register Write to Reg: 0x01 Val: 0x00400074
In clock cycle: 173
Register Write to Reg: 0x02 Val: 0x7FFFFFB8
In clock cycle: 174
Register Write to Reg: 0x00 Val: 0x004000A8
In clock cycle: 175
Register Write to Reg: 0x0A Val: 0x10010000
In clock cycle: 176
Register Write to Reg: 0x05 Val: 0x00000001
In clock cycle: 177
Register Write to Reg: 0x0B Val: 0x00000002
In clock cycle: 178
Register Write to Reg: 0x0C Val: 0x00000002
In clock cycle: 179
Register Write to Reg: 0x01 Val: 0x00400088
In clock cycle: 180
Register Write to Reg: 0x02 Val: 0x7FFFFFA0
In clock cycle: 181
Memory Write to Addr: 0x7FFFFFB4 Val: 0x00400088
In clock cycle: 182
Memory Write to Addr: 0x7FFFFFB0 Val: 0x10010000
In clock cycle: 183
Memory Write to Addr: 0x7FFFFFAC Val: 0x00000002
In clock cycle: 184
Memory Write to Addr: 0x7FFFFFA8 Val: 0x00000002
In clock cycle: 185
Memory Write to Addr: 0x7FFFFFA4 Val: 0x00000000
In clock cycle: 187
Register Write to Reg: 0x01 Val: 0x00400088
In clock cycle: 188
Register Write to Reg: 0x02 Val: 0x7FFFFFB8
In clock cycle: 189
Register Write to Reg: 0x00 Val: 0x004000A8
In clock cycle: 190
Register Write to Reg: 0x0A Val: 0x10010000
In clock cycle: 191
Register Write to Reg: 0x0B Val: 0x00000000
In clock cycle: 192
Register Write to Reg: 0x0C Val: 0x00000001
In clock cycle: 193
Register Write to Reg: 0x0D Val: 0x00000002
In clock cycle: 194
Register Write to Reg: 0x01 Val: 0x0040009C
In clock cycle: 195
Register Write to Reg: 0x02 Val: 0x7FFFFF18
In clock cycle: 196
Memory Write to Addr: 0x7FFFFFB4 Val: 0x0040009C
In clock cycle: 197
Memory Write to Addr: 0x7FFFFFB0 Val: 0x10010000
In clock cycle: 198
Memory Write to Addr: 0x7FFFFFAC Val: 0x00000000
In clock cycle: 199
Memory Write to Addr: 0x7FFFFFA8 Val: 0x00000001
In clock cycle: 200
Memory Write to Addr: 0x7FFFFFA4 Val: 0x00000002
In clock cycle: 201
Register Write to Reg: 0x05 Val: 0x7FFFFF18
In clock cycle: 202
Register Write to Reg: 0x06 Val: 0x00000000
In clock cycle: 204
Register Write to Reg: 0x07 Val: 0x00000000
In clock cycle: 205
Register Write to Reg: 0x1C Val: 0x10010000
In clock cycle: 206
Register Write to Reg: 0x1D Val: 0x00000003
In clock cycle: 207
Register Write to Reg: 0x1E Val: 0x00000000
In clock cycle: 208
Register Write to Reg: 0x1E Val: 0x00000000
In clock cycle: 209
Register Write to Reg: 0x1F Val: 0x7FFFFF18
In clock cycle: 210
Memory Write to Addr: 0x7FFFFF18 Val: 0x00000003
In clock cycle: 211
Register Write to Reg: 0x06 Val: 0x00000001
In clock cycle: 212
Register Write to Reg: 0x00 Val: 0x004000F0
In clock cycle: 214
Register Write to Reg: 0x07 Val: 0x00000004
In clock cycle: 215
Register Write to Reg: 0x1C Val: 0x10010004
In clock cycle: 216
Register Write to Reg: 0x1D Val: 0x00000009
In clock cycle: 217
Register Write to Reg: 0x1E Val: 0x00000001
In clock cycle: 218
Register Write to Reg: 0x1E Val: 0x00000004
In clock cycle: 219
Register Write to Reg: 0x1F Val: 0x7FFFFF1C
In clock cycle: 220
Memory Write to Addr: 0x7FFFFF1C Val: 0x00000009
In clock cycle: 221
Register Write to Reg: 0x06 Val: 0x00000002
In clock cycle: 222
Register Write to Reg: 0x00 Val: 0x004000F0
In clock cycle: 224
Register Write to Reg: 0x07 Val: 0x00000008
In clock cycle: 225
Register Write to Reg: 0x1C Val: 0x10010008
In clock cycle: 226
Register Write to Reg: 0x1D Val: 0x00000004
In clock cycle: 227
Register Write to Reg: 0x1E Val: 0x00000002
In clock cycle: 228
Register Write to Reg: 0x1E Val: 0x00000008
In clock cycle: 229
Register Write to Reg: 0x1F Val: 0x7FFFFF20
In clock cycle: 230
Memory Write to Addr: 0x7FFFFF20 Val: 0x00000004
In clock cycle: 231
Register Write to Reg: 0x06 Val: 0x00000003
In clock cycle: 232
Register Write to Reg: 0x00 Val: 0x004000F0
In clock cycle: 234
Register Write to Reg: 0x0A Val: 0x10010000
In clock cycle: 235
Register Write to Reg: 0x0B Val: 0x00000000
In clock cycle: 236
Register Write to Reg: 0x0C Val: 0x00000001
In clock cycle: 237
Register Write to Reg: 0x0D Val: 0x00000002
In clock cycle: 238
Register Write to Reg: 0x05 Val: 0x00000000
In clock cycle: 239
Register Write to Reg: 0x06 Val: 0x00000002
In clock cycle: 240
Register Write to Reg: 0x07 Val: 0x00000000
In clock cycle: 241
Register Write to Reg: 0x1C Val: 0x7FFFFF18
In clock cycle: 244
Register Write to Reg: 0x1D Val: 0x00000000
In clock cycle: 245
Register Write to Reg: 0x1D Val: 0x00000000
In clock cycle: 246
Register Write to Reg: 0x1E Val: 0x7FFFFF18
In clock cycle: 247
Register Write to Reg: 0x08 Val: 0x00000003
In clock cycle: 248
Register Write to Reg: 0x1D Val: 0x00000002
In clock cycle: 249
Register Write to Reg: 0x1D Val: 0x00000008
In clock cycle: 250
Register Write to Reg: 0x1E Val: 0x7FFFFF20
In clock cycle: 251
Register Write to Reg: 0x09 Val: 0x00000004
In clock cycle: 253
Register Write to Reg: 0x1D Val: 0x00000000
In clock cycle: 254
Register Write to Reg: 0x1E Val: 0x10010000
In clock cycle: 255
Memory Write to Addr: 0x10010000 Val: 0x00000003
In clock cycle: 256
Register Write to Reg: 0x05 Val: 0x00000001
In clock cycle: 257
Register Write to Reg: 0x07 Val: 0x00000001
In clock cycle: 258
Register Write to Reg: 0x00 Val: 0x00400158
In clock cycle: 261
Register Write to Reg: 0x1D Val: 0x00000001
In clock cycle: 262
Register Write to Reg: 0x1D Val: 0x00000004
In clock cycle: 263
Register Write to Reg: 0x1E Val: 0x7FFFFF1C
In clock cycle: 264
Register Write to Reg: 0x08 Val: 0x00000009
In clock cycle: 265
Register Write to Reg: 0x1D Val: 0x00000002
In clock cycle: 266
Register Write to Reg: 0x1D Val: 0x00000008
In clock cycle: 267
Register Write to Reg: 0x1E Val: 0x7FFFFF20
In clock cycle: 268
Register Write to Reg: 0x09 Val: 0x00000004
In clock cycle: 270
Register Write to Reg: 0x00 Val: 0x00400140
In clock cycle: 271
Register Write to Reg: 0x1D Val: 0x00000004
In clock cycle: 272
Register Write to Reg: 0x1E Val: 0x10010004
In clock cycle: 273
Memory Write to Addr: 0x10010004 Val: 0x00000004
In clock cycle: 274
Register Write to Reg: 0x06 Val: 0x00000003
In clock cycle: 275
Register Write to Reg: 0x07 Val: 0x00000002
In clock cycle: 276
Register Write to Reg: 0x00 Val: 0x00400170
In clock cycle: 280
Register Write to Reg: 0x1D Val: 0x00000001
In clock cycle: 281
Register Write to Reg: 0x1D Val: 0x00000004
In clock cycle: 282
Register Write to Reg: 0x1E Val: 0x7FFFFF1C
In clock cycle: 283
Register Write to Reg: 0x08 Val: 0x00000009
In clock cycle: 284
Register Write to Reg: 0x1D Val: 0x00000008
In clock cycle: 285
Register Write to Reg: 0x1E Val: 0x10010008
In clock cycle: 286
Memory Write to Addr: 0x10010008 Val: 0x00000009
In clock cycle: 287
Register Write to Reg: 0x05 Val: 0x00000002
In clock cycle: 288
Register Write to Reg: 0x07 Val: 0x00000003
In clock cycle: 289
Register Write to Reg: 0x00 Val: 0x0040019C
In clock cycle: 291
Register Write to Reg: 0x01 Val: 0x0040009C
In clock cycle: 292
Register Write to Reg: 0x02 Val: 0x7FFFFFB8
In clock cycle: 293
Register Write to Reg: 0x00 Val: 0x004001D4
In clock cycle: 294
Register Write to Reg: 0x01 Val: 0x00400074
In clock cycle: 295
Register Write to Reg: 0x02 Val: 0x7FFFFFD0
In clock cycle: 296
Register Write to Reg: 0x00 Val: 0x004000A8
In clock cycle: 297
Register Write to Reg: 0x0A Val: 0x10010000
In clock cycle: 298
Register Write to Reg: 0x05 Val: 0x00000002
In clock cycle: 299
Register Write to Reg: 0x0B Val: 0x00000003
In clock cycle: 300
Register Write to Reg: 0x0C Val: 0x00000005
In clock cycle: 301
Register Write to Reg: 0x01 Val: 0x00400088
In clock cycle: 302
Register Write to Reg: 0x02 Val: 0x7FFFFFB8
In clock cycle: 303
Memory Write to Addr: 0x7FFFFFCC Val: 0x00400088
In clock cycle: 304
Memory Write to Addr: 0x7FFFFFC8 Val: 0x10010000
In clock cycle: 305
Memory Write to Addr: 0x7FFFFFC4 Val: 0x00000003
In clock cycle: 306
Memory Write to Addr: 0x7FFFFFC0 Val: 0x00000005
In clock cycle: 307
Memory Write to Addr: 0x7FFFFFBC Val: 0x00000000
In clock cycle: 309
Register Write to Reg: 0x05 Val: 0x00000008
In clock cycle: 310
Register Write to Reg: 0x05 Val: 0x00000004
In clock cycle: 311
Memory Write to Addr: 0x7FFFFFBC Val: 0x00000004
In clock cycle: 312
Register Write to Reg: 0x0A Val: 0x10010000
In clock cycle: 313
Register Write to Reg: 0x0B Val: 0x00000003
In clock cycle: 314
Register Write to Reg: 0x0C Val: 0x00000004
In clock cycle: 315
Register Write to Reg: 0x01 Val: 0x00400074
In clock cycle: 316
Register Write to Reg: 0x02 Val: 0x7FFFFFA0
In clock cycle: 317
Memory Write to Addr: 0x7FFFFFB4 Val: 0x00400074
In clock cycle: 318
Memory Write to Addr: 0x7FFFFFB0 Val: 0x10010000
In clock cycle: 319
Memory Write to Addr: 0x7FFFFFAC Val: 0x00000003
In clock cycle: 320
Memory Write to Addr: 0x7FFFFFA8 Val: 0x00000004
In clock cycle: 321
Memory Write to Addr: 0x7FFFFFA4 Val: 0x00000000
In clock cycle: 323
Register Write to Reg: 0x05 Val: 0x00000007
In clock cycle: 324
Register Write to Reg: 0x05 Val: 0x00000003
In clock cycle: 325
Memory Write to Addr: 0x7FFFFFA4 Val: 0x00000003
In clock cycle: 326
Register Write to Reg: 0x0A Val: 0x10010000
In clock cycle: 327
Register Write to Reg: 0x0B Val: 0x00000003
In clock cycle: 328
Register Write to Reg: 0x0C Val: 0x00000003
In clock cycle: 329
Register Write to Reg: 0x01 Val: 0x00400074
In clock cycle: 330
Register Write to Reg: 0x02 Val: 0x7FFFFF88
In clock cycle: 331
Memory Write to Addr: 0x7FFFFF9C Val: 0x00400074
In clock cycle: 332
Memory Write to Addr: 0x7FFFFF98 Val: 0x10010000
In clock cycle: 333
Memory Write to Addr: 0x7FFFFF94 Val: 0x00000003
In clock cycle: 334
Memory Write to Addr: 0x7FFFFF90 Val: 0x00000003
In clock cycle: 335
Memory Write to Addr: 0x7FFFFF8C Val: 0x00000000
In clock cycle: 337
Register Write to Reg: 0x01 Val: 0x00400074
In clock cycle: 338
Register Write to Reg: 0x02 Val: 0x7FFFFFA0
In clock cycle: 339
Register Write to Reg: 0x00 Val: 0x004000A8
In clock cycle: 340
Register Write to Reg: 0x0A Val: 0x10010000
In clock cycle: 341
Register Write to Reg: 0x05 Val: 0x00000003
In clock cycle: 342
Register Write to Reg: 0x0B Val: 0x00000004
In clock cycle: 343
Register Write to Reg: 0x0C Val: 0x00000004
In clock cycle: 344
Register Write to Reg: 0x01 Val: 0x00400088
In clock cycle: 345
Register Write to Reg: 0x02 Val: 0x7FFFFF88
In clock cycle: 346
Memory Write to Addr: 0x7FFFFF9C Val: 0x00400088
In clock cycle: 347
Memory Write to Addr: 0x7FFFFF98 Val: 0x10010000
In clock cycle: 348
Memory Write to Addr: 0x7FFFFF94 Val: 0x00000004
In clock cycle: 349
Memory Write to Addr: 0x7FFFFF90 Val: 0x00000004
In clock cycle: 350
Memory Write to Addr: 0x7FFFFF8C Val: 0x00000000
In clock cycle: 352
Register Write to Reg: 0x01 Val: 0x00400088
In clock cycle: 353
Register Write to Reg: 0x02 Val: 0x7FFFFFA0
In clock cycle: 354
Register Write to Reg: 0x00 Val: 0x004000A8
In clock cycle: 355
Register Write to Reg: 0x0A Val: 0x10010000
In clock cycle: 356
Register Write to Reg: 0x0B Val: 0x00000003
In clock cycle: 357
Register Write to Reg: 0x0C Val: 0x00000003
In clock cycle: 358
Register Write to Reg: 0x0D Val: 0x00000004
In clock cycle: 359
Register Write to Reg: 0x01 Val: 0x0040009C
In clock cycle: 360
Register Write to Reg: 0x02 Val: 0x7FFFFF00
In clock cycle: 361
Memory Write to Addr: 0x7FFFFF9C Val: 0x0040009C
In clock cycle: 362
Memory Write to Addr: 0x7FFFFF98 Val: 0x10010000
In clock cycle: 363
Memory Write to Addr: 0x7FFFFF94 Val: 0x00000003
In clock cycle: 364
Memory Write to Addr: 0x7FFFFF90 Val: 0x00000003
In clock cycle: 365
Memory Write to Addr: 0x7FFFFF8C Val: 0x00000004
In clock cycle: 366
Register Write to Reg: 0x05 Val: 0x7FFFFF00
In clock cycle: 367
Register Write to Reg: 0x06 Val: 0x00000003
In clock cycle: 369
Register Write to Reg: 0x07 Val: 0x0000000C
In clock cycle: 370
Register Write to Reg: 0x1C Val: 0x1001000C
In clock cycle: 371
Register Write to Reg: 0x1D Val: 0x00000007
In clock cycle: 372
Register Write to Reg: 0x1E Val: 0x00000000
In clock cycle: 373
Register Write to Reg: 0x1E Val: 0x00000000
In clock cycle: 374
Register Write to Reg: 0x1F Val: 0x7FFFFF00
In clock cycle: 375
Memory Write to Addr: 0x7FFFFF00 Val: 0x00000007
In clock cycle: 376
Register Write to Reg: 0x06 Val: 0x00000004
In clock cycle: 377
Register Write to Reg: 0x00 Val: 0x004000F0
In clock cycle: 379
Register Write to Reg: 0x07 Val: 0x00000010
In clock cycle: 380
Register Write to Reg: 0x1C Val: 0x10010010
In clock cycle: 381
Register Write to Reg: 0x1D Val: 0x00000002
In clock cycle: 382
Register Write to Reg: 0x1E Val: 0x00000001
In clock cycle: 383
Register Write to Reg: 0x1E Val: 0x00000004
In clock cycle: 384
Register Write to Reg: 0x1F Val: 0x7FFFFF04
In clock cycle: 385
Memory Write to Addr: 0x7FFFFF04 Val: 0x00000002
In clock cycle: 386
Register Write to Reg: 0x06 Val: 0x00000005
In clock cycle: 387
Register Write to Reg: 0x00 Val: 0x004000F0
In clock cycle: 389
Register Write to Reg: 0x0A Val: 0x10010000
In clock cycle: 390
Register Write to Reg: 0x0B Val: 0x00000003
In clock cycle: 391
Register Write to Reg: 0x0C Val: 0x00000003
In clock cycle: 392
Register Write to Reg: 0x0D Val: 0x00000004
In clock cycle: 393
Register Write to Reg: 0x05 Val: 0x00000003
In clock cycle: 394
Register Write to Reg: 0x06 Val: 0x00000004
In clock cycle: 395
Register Write to Reg: 0x07 Val: 0x00000003
In clock cycle: 396
Register Write to Reg: 0x1C Val: 0x7FFFFF00
In clock cycle: 399
Register Write to Reg: 0x1D Val: 0x00000000
In clock cycle: 400
Register Write to Reg: 0x1D Val: 0x00000000
In clock cycle: 401
Register Write to Reg: 0x1E Val: 0x7FFFFF00
In clock cycle: 402
Register Write to Reg: 0x08 Val: 0x00000007
In clock cycle: 403
Register Write to Reg: 0x1D Val: 0x00000001
In clock cycle: 404
Register Write to Reg: 0x1D Val: 0x00000004
In clock cycle: 405
Register Write to Reg: 0x1E Val: 0x7FFFFF04
In clock cycle: 406
Register Write to Reg: 0x09 Val: 0x00000002
In clock cycle: 408
Register Write to Reg: 0x00 Val: 0x00400140
In clock cycle: 409
Register Write to Reg: 0x1D Val: 0x0000000C
In clock cycle: 410
Register Write to Reg: 0x1E Val: 0x1001000C
In clock cycle: 411
Memory Write to Addr: 0x1001000C Val: 0x00000002
In clock cycle: 412
Register Write to Reg: 0x06 Val: 0x00000005
In clock cycle: 413
Register Write to Reg: 0x07 Val: 0x00000004
In clock cycle: 414
Register Write to Reg: 0x00 Val: 0x00400170
In clock cycle: 418
Register Write to Reg: 0x1D Val: 0x00000000
In clock cycle: 419
Register Write to Reg: 0x1D Val: 0x00000000
In clock cycle: 420
Register Write to Reg: 0x1E Val: 0x7FFFFF00
In clock cycle: 421
Register Write to Reg: 0x08 Val: 0x00000007
In clock cycle: 422
Register Write to Reg: 0x1D Val: 0x00000010
In clock cycle: 423
Register Write to Reg: 0x1E Val: 0x10010010
In clock cycle: 424
Memory Write to Addr: 0x10010010 Val: 0x00000007
In clock cycle: 425
Register Write to Reg: 0x05 Val: 0x00000004
In clock cycle: 426
Register Write to Reg: 0x07 Val: 0x00000005
In clock cycle: 427
Register Write to Reg: 0x00 Val: 0x0040019C
In clock cycle: 429
Register Write to Reg: 0x01 Val: 0x0040009C
In clock cycle: 430
Register Write to Reg: 0x02 Val: 0x7FFFFFA0
In clock cycle: 431
Register Write to Reg: 0x00 Val: 0x004001D4
In clock cycle: 432
Register Write to Reg: 0x01 Val: 0x00400074
In clock cycle: 433
Register Write to Reg: 0x02 Val: 0x7FFFFFB8
In clock cycle: 434
Register Write to Reg: 0x00 Val: 0x004000A8
In clock cycle: 435
Register Write to Reg: 0x0A Val: 0x10010000
In clock cycle: 436
Register Write to Reg: 0x05 Val: 0x00000004
In clock cycle: 437
Register Write to Reg: 0x0B Val: 0x00000005
In clock cycle: 438
Register Write to Reg: 0x0C Val: 0x00000005
In clock cycle: 439
Register Write to Reg: 0x01 Val: 0x00400088
In clock cycle: 440
Register Write to Reg: 0x02 Val: 0x7FFFFFA0
In clock cycle: 441
Memory Write to Addr: 0x7FFFFFB4 Val: 0x00400088
In clock cycle: 442
Memory Write to Addr: 0x7FFFFFB0 Val: 0x10010000
In clock cycle: 443
Memory Write to Addr: 0x7FFFFFAC Val: 0x00000005
In clock cycle: 444
Memory Write to Addr: 0x7FFFFFA8 Val: 0x00000005
In clock cycle: 445
Memory Write to Addr: 0x7FFFFFA4 Val: 0x00000000
In clock cycle: 447
Register Write to Reg: 0x01 Val: 0x00400088
In clock cycle: 448
Register Write to Reg: 0x02 Val: 0x7FFFFFB8
In clock cycle: 449
Register Write to Reg: 0x00 Val: 0x004000A8
In clock cycle: 450
Register Write to Reg: 0x0A Val: 0x10010000
In clock cycle: 451
Register Write to Reg: 0x0B Val: 0x00000003
In clock cycle: 452
Register Write to Reg: 0x0C Val: 0x00000004
In clock cycle: 453
Register Write to Reg: 0x0D Val: 0x00000005
In clock cycle: 454
Register Write to Reg: 0x01 Val: 0x0040009C
In clock cycle: 455
Register Write to Reg: 0x02 Val: 0x7FFFFF18
In clock cycle: 456
Memory Write to Addr: 0x7FFFFFB4 Val: 0x0040009C
In clock cycle: 457
Memory Write to Addr: 0x7FFFFFB0 Val: 0x10010000
In clock cycle: 458
Memory Write to Addr: 0x7FFFFFAC Val: 0x00000003
In clock cycle: 459
Memory Write to Addr: 0x7FFFFFA8 Val: 0x00000004
In clock cycle: 460
Memory Write to Addr: 0x7FFFFFA4 Val: 0x00000005
In clock cycle: 461
Register Write to Reg: 0x05 Val: 0x7FFFFF18
In clock cycle: 462
Register Write to Reg: 0x06 Val: 0x00000003
In clock cycle: 464
Register Write to Reg: 0x07 Val: 0x0000000C
In clock cycle: 465
Register Write to Reg: 0x1C Val: 0x1001000C
In clock cycle: 466
Register Write to Reg: 0x1D Val: 0x00000002
In clock cycle: 467
Register Write to Reg: 0x1E Val: 0x00000000
In clock cycle: 468
Register Write to Reg: 0x1E Val: 0x00000000
In clock cycle: 469
Register Write to Reg: 0x1F Val: 0x7FFFFF18
In clock cycle: 470
Memory Write to Addr: 0x7FFFFF18 Val: 0x00000002
In clock cycle: 471
Register Write to Reg: 0x06 Val: 0x00000004
In clock cycle: 472
Register Write to Reg: 0x00 Val: 0x004000F0
In clock cycle: 474
Register Write to Reg: 0x07 Val: 0x00000010
In clock cycle: 475
Register Write to Reg: 0x1C Val: 0x10010010
In clock cycle: 476
Register Write to Reg: 0x1D Val: 0x00000007
In clock cycle: 477
Register Write to Reg: 0x1E Val: 0x00000001
In clock cycle: 478
Register Write to Reg: 0x1E Val: 0x00000004
In clock cycle: 479
Register Write to Reg: 0x1F Val: 0x7FFFFF1C
In clock cycle: 480
Memory Write to Addr: 0x7FFFFF1C Val: 0x00000007
In clock cycle: 481
Register Write to Reg: 0x06 Val: 0x00000005
In clock cycle: 482
Register Write to Reg: 0x00 Val: 0x004000F0
In clock cycle: 484
Register Write to Reg: 0x07 Val: 0x00000014
In clock cycle: 485
Register Write to Reg: 0x1C Val: 0x10010014
In clock cycle: 486
Register Write to Reg: 0x1D Val: 0xFFFFFFFF
In clock cycle: 487
Register Write to Reg: 0x1E Val: 0x00000002
In clock cycle: 488
Register Write to Reg: 0x1E Val: 0x00000008
In clock cycle: 489
Register Write to Reg: 0x1F Val: 0x7FFFFF20
In clock cycle: 490
Memory Write to Addr: 0x7FFFFF20 Val: 0xFFFFFFFF
In clock cycle: 491
Register Write to Reg: 0x06 Val: 0x00000006
In clock cycle: 492
Register Write to Reg: 0x00 Val: 0x004000F0
In clock cycle: 494
Register Write to Reg: 0x0A Val: 0x10010000
In clock cycle: 495
Register Write to Reg: 0x0B Val: 0x00000003
In clock cycle: 496
Register Write to Reg: 0x0C Val: 0x00000004
In clock cycle: 497
Register Write to Reg: 0x0D Val: 0x00000005
In clock cycle: 498
Register Write to Reg: 0x05 Val: 0x00000003
In clock cycle: 499
Register Write to Reg: 0x06 Val: 0x00000005
In clock cycle: 500
Register Write to Reg: 0x07 Val: 0x00000003
In clock cycle: 501
Register Write to Reg: 0x1C Val: 0x7FFFFF18
In clock cycle: 504
Register Write to Reg: 0x1D Val: 0x00000000
In clock cycle: 505
Register Write to Reg: 0x1D Val: 0x00000000
In clock cycle: 506
Register Write to Reg: 0x1E Val: 0x7FFFFF18
In clock cycle: 507
Register Write to Reg: 0x08 Val: 0x00000002
In clock cycle: 508
Register Write to Reg: 0x1D Val: 0x00000002
In clock cycle: 509
Register Write to Reg: 0x1D Val: 0x00000008
In clock cycle: 510
Register Write to Reg: 0x1E Val: 0x7FFFFF20
In clock cycle: 511
Register Write to Reg: 0x09 Val: 0xFFFFFFFF
In clock cycle: 513
Register Write to Reg: 0x00 Val: 0x00400140
In clock cycle: 514
Register Write to Reg: 0x1D Val: 0x0000000C
In clock cycle: 515
Register Write to Reg: 0x1E Val: 0x1001000C
In clock cycle: 516
Memory Write to Addr: 0x1001000C Val: 0xFFFFFFFF
In clock cycle: 517
Register Write to Reg: 0x06 Val: 0x00000006
In clock cycle: 518
Register Write to Reg: 0x07 Val: 0x00000004
In clock cycle: 519
Register Write to Reg: 0x00 Val: 0x00400170
In clock cycle: 523
Register Write to Reg: 0x1D Val: 0x00000000
In clock cycle: 524
Register Write to Reg: 0x1D Val: 0x00000000
In clock cycle: 525
Register Write to Reg: 0x1E Val: 0x7FFFFF18
In clock cycle: 526
Register Write to Reg: 0x08 Val: 0x00000002
In clock cycle: 527
Register Write to Reg: 0x1D Val: 0x00000010
In clock cycle: 528
Register Write to Reg: 0x1E Val: 0x10010010
In clock cycle: 529
Memory Write to Addr: 0x10010010 Val: 0x00000002
In clock cycle: 530
Register Write to Reg: 0x05 Val: 0x00000004
In clock cycle: 531
Register Write to Reg: 0x07 Val: 0x00000005
In clock cycle: 532
Register Write to Reg: 0x00 Val: 0x0040019C
In clock cycle: 534
Register Write to Reg: 0x1D Val: 0x00000001
In clock cycle: 535
Register Write to Reg: 0x1D Val: 0x00000004
In clock cycle: 536
Register Write to Reg: 0x1E Val: 0x7FFFFF1C
In clock cycle: 537
Register Write to Reg: 0x08 Val: 0x00000007
In clock cycle: 538
Register Write to Reg: 0x1D Val: 0x00000014
In clock cycle: 539
Register Write to Reg: 0x1E Val: 0x10010014
In clock cycle: 540
Memory Write to Addr: 0x10010014 Val: 0x00000007
In clock cycle: 541
Register Write to Reg: 0x05 Val: 0x00000005
In clock cycle: 542
Register Write to Reg: 0x07 Val: 0x00000006
In clock cycle: 543
Register Write to Reg: 0x00 Val: 0x0040019C
In clock cycle: 545
Register Write to Reg: 0x01 Val: 0x0040009C
In clock cycle: 546
Register Write to Reg: 0x02 Val: 0x7FFFFFB8
In clock cycle: 547
Register Write to Reg: 0x00 Val: 0x004001D4
In clock cycle: 548
Register Write to Reg: 0x01 Val: 0x00400088
In clock cycle: 549
Register Write to Reg: 0x02 Val: 0x7FFFFFD0
In clock cycle: 550
Register Write to Reg: 0x00 Val: 0x004000A8
In clock cycle: 551
Register Write to Reg: 0x0A Val: 0x10010000
In clock cycle: 552
Register Write to Reg: 0x0B Val: 0x00000000
In clock cycle: 553
Register Write to Reg: 0x0C Val: 0x00000002
In clock cycle: 554
Register Write to Reg: 0x0D Val: 0x00000005
In clock cycle: 555
Register Write to Reg: 0x01 Val: 0x0040009C
In clock cycle: 556
Register Write to Reg: 0x02 Val: 0x7FFFFF30
In clock cycle: 557
Memory Write to Addr: 0x7FFFFFCC Val: 0x0040009C
In clock cycle: 558
Memory Write to Addr: 0x7FFFFFC8 Val: 0x10010000
In clock cycle: 559
Memory Write to Addr: 0x7FFFFFC4 Val: 0x00000000
In clock cycle: 560
Memory Write to Addr: 0x7FFFFFC0 Val: 0x00000002
In clock cycle: 561
Memory Write to Addr: 0x7FFFFFBC Val: 0x00000005
In clock cycle: 562
Register Write to Reg: 0x05 Val: 0x7FFFFF30
In clock cycle: 563
Register Write to Reg: 0x06 Val: 0x00000000
In clock cycle: 565
Register Write to Reg: 0x07 Val: 0x00000000
In clock cycle: 566
Register Write to Reg: 0x1C Val: 0x10010000
In clock cycle: 567
Register Write to Reg: 0x1D Val: 0x00000003
In clock cycle: 568
Register Write to Reg: 0x1E Val: 0x00000000
In clock cycle: 569
Register Write to Reg: 0x1E Val: 0x00000000
In clock cycle: 570
Register Write to Reg: 0x1F Val: 0x7FFFFF30
In clock cycle: 571
Memory Write to Addr: 0x7FFFFF30 Val: 0x00000003
In clock cycle: 572
Register Write to Reg: 0x06 Val: 0x00000001
In clock cycle: 573
Register Write to Reg: 0x00 Val: 0x004000F0
In clock cycle: 575
Register Write to Reg: 0x07 Val: 0x00000004
In clock cycle: 576
Register Write to Reg: 0x1C Val: 0x10010004
In clock cycle: 577
Register Write to Reg: 0x1D Val: 0x00000004
In clock cycle: 578
Register Write to Reg: 0x1E Val: 0x00000001
In clock cycle: 579
Register Write to Reg: 0x1E Val: 0x00000004
In clock cycle: 580
Register Write to Reg: 0x1F Val: 0x7FFFFF34
In clock cycle: 581
Memory Write to Addr: 0x7FFFFF34 Val: 0x00000004
In clock cycle: 582
Register Write to Reg: 0x06 Val: 0x00000002
In clock cycle: 583
Register Write to Reg: 0x00 Val: 0x004000F0
In clock cycle: 585
Register Write to Reg: 0x07 Val: 0x00000008
In clock cycle: 586
Register Write to Reg: 0x1C Val: 0x10010008
In clock cycle: 587
Register Write to Reg: 0x1D Val: 0x00000009
In clock cycle: 588
Register Write to Reg: 0x1E Val: 0x00000002
In clock cycle: 589
Register Write to Reg: 0x1E Val: 0x00000008
In clock cycle: 590
Register Write to Reg: 0x1F Val: 0x7FFFFF38
In clock cycle: 591
Memory Write to Addr: 0x7FFFFF38 Val: 0x00000009
In clock cycle: 592
Register Write to Reg: 0x06 Val: 0x00000003
In clock cycle: 593
Register Write to Reg: 0x00 Val: 0x004000F0
In clock cycle: 595
Register Write to Reg: 0x07 Val: 0x0000000C
In clock cycle: 596
Register Write to Reg: 0x1C Val: 0x1001000C
In clock cycle: 597
Register Write to Reg: 0x1D Val: 0xFFFFFFFF
In clock cycle: 598
Register Write to Reg: 0x1E Val: 0x00000003
In clock cycle: 599
Register Write to Reg: 0x1E Val: 0x0000000C
In clock cycle: 600
Register Write to Reg: 0x1F Val: 0x7FFFFF3C
In clock cycle: 601
Memory Write to Addr: 0x7FFFFF3C Val: 0xFFFFFFFF
In clock cycle: 602
Register Write to Reg: 0x06 Val: 0x00000004
In clock cycle: 603
Register Write to Reg: 0x00 Val: 0x004000F0
In clock cycle: 605
Register Write to Reg: 0x07 Val: 0x00000010
In clock cycle: 606
Register Write to Reg: 0x1C Val: 0x10010010
In clock cycle: 607
Register Write to Reg: 0x1D Val: 0x00000002
In clock cycle: 608
Register Write to Reg: 0x1E Val: 0x00000004
In clock cycle: 609
Register Write to Reg: 0x1E Val: 0x00000010
In clock cycle: 610
Register Write to Reg: 0x1F Val: 0x7FFFFF40
In clock cycle: 611
Memory Write to Addr: 0x7FFFFF40 Val: 0x00000002
In clock cycle: 612
Register Write to Reg: 0x06 Val: 0x00000005
In clock cycle: 613
Register Write to Reg: 0x00 Val: 0x004000F0
In clock cycle: 615
Register Write to Reg: 0x07 Val: 0x00000014
In clock cycle: 616
Register Write to Reg: 0x1C Val: 0x10010014
In clock cycle: 617
Register Write to Reg: 0x1D Val: 0x00000007
In clock cycle: 618
Register Write to Reg: 0x1E Val: 0x00000005
In clock cycle: 619
Register Write to Reg: 0x1E Val: 0x00000014
In clock cycle: 620
Register Write to Reg: 0x1F Val: 0x7FFFFF44
In clock cycle: 621
Memory Write to Addr: 0x7FFFFF44 Val: 0x00000007
In clock cycle: 622
Register Write to Reg: 0x06 Val: 0x00000006
In clock cycle: 623
Register Write to Reg: 0x00 Val: 0x004000F0
In clock cycle: 625
Register Write to Reg: 0x0A Val: 0x10010000
In clock cycle: 626
Register Write to Reg: 0x0B Val: 0x00000000
In clock cycle: 627
Register Write to Reg: 0x0C Val: 0x00000002
In clock cycle: 628
Register Write to Reg: 0x0D Val: 0x00000005
In clock cycle: 629
Register Write to Reg: 0x05 Val: 0x00000000
In clock cycle: 630
Register Write to Reg: 0x06 Val: 0x00000003
In clock cycle: 631
Register Write to Reg: 0x07 Val: 0x00000000
In clock cycle: 632
Register Write to Reg: 0x1C Val: 0x7FFFFF30
In clock cycle: 635
Register Write to Reg: 0x1D Val: 0x00000000
In clock cycle: 636
Register Write to Reg: 0x1D Val: 0x00000000
In clock cycle: 637
Register Write to Reg: 0x1E Val: 0x7FFFFF30
In clock cycle: 638
Register Write to Reg: 0x08 Val: 0x00000003
In clock cycle: 639
Register Write to Reg: 0x1D Val: 0x00000003
In clock cycle: 640
Register Write to Reg: 0x1D Val: 0x0000000C
In clock cycle: 641
Register Write to Reg: 0x1E Val: 0x7FFFFF3C
In clock cycle: 642
Register Write to Reg: 0x09 Val: 0xFFFFFFFF
In clock cycle: 644
Register Write to Reg: 0x00 Val: 0x00400140
In clock cycle: 645
Register Write to Reg: 0x1D Val: 0x00000000
In clock cycle: 646
Register Write to Reg: 0x1E Val: 0x10010000
In clock cycle: 647
Memory Write to Addr: 0x10010000 Val: 0xFFFFFFFF
In clock cycle: 648
Register Write to Reg: 0x06 Val: 0x00000004
In clock cycle: 649
Register Write to Reg: 0x07 Val: 0x00000001
In clock cycle: 650
Register Write to Reg: 0x00 Val: 0x00400170
In clock cycle: 653
Register Write to Reg: 0x1D Val: 0x00000000
In clock cycle: 654
Register Write to Reg: 0x1D Val: 0x00000000
In clock cycle: 655
Register Write to Reg: 0x1E Val: 0x7FFFFF30
In clock cycle: 656
Register Write to Reg: 0x08 Val: 0x00000003
In clock cycle: 657
Register Write to Reg: 0x1D Val: 0x00000004
In clock cycle: 658
Register Write to Reg: 0x1D Val: 0x00000010
In clock cycle: 659
Register Write to Reg: 0x1E Val: 0x7FFFFF40
In clock cycle: 660
Register Write to Reg: 0x09 Val: 0x00000002
In clock cycle: 662
Register Write to Reg: 0x00 Val: 0x00400140
In clock cycle: 663
Register Write to Reg: 0x1D Val: 0x00000004
In clock cycle: 664
Register Write to Reg: 0x1E Val: 0x10010004
In clock cycle: 665
Memory Write to Addr: 0x10010004 Val: 0x00000002
In clock cycle: 666
Register Write to Reg: 0x06 Val: 0x00000005
In clock cycle: 667
Register Write to Reg: 0x07 Val: 0x00000002
In clock cycle: 668
Register Write to Reg: 0x00 Val: 0x00400170
In clock cycle: 671
Register Write to Reg: 0x1D Val: 0x00000000
In clock cycle: 672
Register Write to Reg: 0x1D Val: 0x00000000
In clock cycle: 673
Register Write to Reg: 0x1E Val: 0x7FFFFF30
In clock cycle: 674
Register Write to Reg: 0x08 Val: 0x00000003
In clock cycle: 675
Register Write to Reg: 0x1D Val: 0x00000005
In clock cycle: 676
Register Write to Reg: 0x1D Val: 0x00000014
In clock cycle: 677
Register Write to Reg: 0x1E Val: 0x7FFFFF44
In clock cycle: 678
Register Write to Reg: 0x09 Val: 0x00000007
In clock cycle: 680
Register Write to Reg: 0x1D Val: 0x00000008
In clock cycle: 681
Register Write to Reg: 0x1E Val: 0x10010008
In clock cycle: 682
Memory Write to Addr: 0x10010008 Val: 0x00000003
In clock cycle: 683
Register Write to Reg: 0x05 Val: 0x00000001
In clock cycle: 684
Register Write to Reg: 0x07 Val: 0x00000003
In clock cycle: 685
Register Write to Reg: 0x00 Val: 0x00400158
In clock cycle: 688
Register Write to Reg: 0x1D Val: 0x00000001
In clock cycle: 689
Register Write to Reg: 0x1D Val: 0x00000004
In clock cycle: 690
Register Write to Reg: 0x1E Val: 0x7FFFFF34
In clock cycle: 691
Register Write to Reg: 0x08 Val: 0x00000004
In clock cycle: 692
Register Write to Reg: 0x1D Val: 0x00000005
In clock cycle: 693
Register Write to Reg: 0x1D Val: 0x00000014
In clock cycle: 694
Register Write to Reg: 0x1E Val: 0x7FFFFF44
In clock cycle: 695
Register Write to Reg: 0x09 Val: 0x00000007
In clock cycle: 697
Register Write to Reg: 0x1D Val: 0x0000000C
In clock cycle: 698
Register Write to Reg: 0x1E Val: 0x1001000C
In clock cycle: 699
Memory Write to Addr: 0x1001000C Val: 0x00000004
In clock cycle: 700
Register Write to Reg: 0x05 Val: 0x00000002
In clock cycle: 701
Register Write to Reg: 0x07 Val: 0x00000004
In clock cycle: 702
Register Write to Reg: 0x00 Val: 0x00400158
In clock cycle: 705
Register Write to Reg: 0x1D Val: 0x00000002
In clock cycle: 706
Register Write to Reg: 0x1D Val: 0x00000008
In clock cycle: 707
Register Write to Reg: 0x1E Val: 0x7FFFFF38
In clock cycle: 708
Register Write to Reg: 0x08 Val: 0x00000009
In clock cycle: 709
Register Write to Reg: 0x1D Val: 0x00000005
In clock cycle: 710
Register Write to Reg: 0x1D Val: 0x00000014
In clock cycle: 711
Register Write to Reg: 0x1E Val: 0x7FFFFF44
In clock cycle: 712
Register Write to Reg: 0x09 Val: 0x00000007
In clock cycle: 714
Register Write to Reg: 0x00 Val: 0x00400140
In clock cycle: 715
Register Write to Reg: 0x1D Val: 0x00000010
In clock cycle: 716
Register Write to Reg: 0x1E Val: 0x10010010
In clock cycle: 717
Memory Write to Addr: 0x10010010 Val: 0x00000007
In clock cycle: 718
Register Write to Reg: 0x06 Val: 0x00000006
In clock cycle: 719
Register Write to Reg: 0x07 Val: 0x00000005
In clock cycle: 720
Register Write to Reg: 0x00 Val: 0x00400170
In clock cycle: 724
Register Write to Reg: 0x1D Val: 0x00000002
In clock cycle: 725
Register Write to Reg: 0x1D Val: 0x00000008
In clock cycle: 726
Register Write to Reg: 0x1E Val: 0x7FFFFF38
In clock cycle: 727
Register Write to Reg: 0x08 Val: 0x00000009
In clock cycle: 728
Register Write to Reg: 0x1D Val: 0x00000014
In clock cycle: 729
Register Write to Reg: 0x1E Val: 0x10010014
In clock cycle: 730
Memory Write to Addr: 0x10010014 Val: 0x00000009
In clock cycle: 731
Register Write to Reg: 0x05 Val: 0x00000003
In clock cycle: 732
Register Write to Reg: 0x07 Val: 0x00000006
In clock cycle: 733
Register Write to Reg: 0x00 Val: 0x0040019C
In clock cycle: 735
Register Write to Reg: 0x01 Val: 0x0040009C
In clock cycle: 736
Register Write to Reg: 0x02 Val: 0x7FFFFFD0
In clock cycle: 737
Register Write to Reg: 0x00 Val: 0x004001D4
In clock cycle: 738
Register Write to Reg: 0x01 Val: 0x00400074
In clock cycle: 739
Register Write to Reg: 0x02 Val: 0x7FFFFFE8
In clock cycle: 740
Register Write to Reg: 0x00 Val: 0x004000A8
In clock cycle: 741
Register Write to Reg: 0x0A Val: 0x10010000
In clock cycle: 742
Register Write to Reg: 0x05 Val: 0x00000005
In clock cycle: 743
Register Write to Reg: 0x0B Val: 0x00000006
In clock cycle: 744
Register Write to Reg: 0x0C Val: 0x0000000A
In clock cycle: 745
Register Write to Reg: 0x01 Val: 0x00400088
In clock cycle: 746
Register Write to Reg: 0x02 Val: 0x7FFFFFD0
In clock cycle: 747
Memory Write to Addr: 0x7FFFFFE4 Val: 0x00400088
In clock cycle: 748
Memory Write to Addr: 0x7FFFFFE0 Val: 0x10010000
In clock cycle: 749
Memory Write to Addr: 0x7FFFFFDC Val: 0x00000006
In clock cycle: 750
Memory Write to Addr: 0x7FFFFFD8 Val: 0x0000000A
In clock cycle: 751
Memory Write to Addr: 0x7FFFFFD4 Val: 0x00000000
In clock cycle: 753
Register Write to Reg: 0x05 Val: 0x00000010
In clock cycle: 754
Register Write to Reg: 0x05 Val: 0x00000008
In clock cycle: 755
Memory Write to Addr: 0x7FFFFFD4 Val: 0x00000008
In clock cycle: 756
Register Write to Reg: 0x0A Val: 0x10010000
In clock cycle: 757
Register Write to Reg: 0x0B Val: 0x00000006
In clock cycle: 758
Register Write to Reg: 0x0C Val: 0x00000008
In clock cycle: 759
Register Write to Reg: 0x01 Val: 0x00400074
In clock cycle: 760
Register Write to Reg: 0x02 Val: 0x7FFFFFB8
In clock cycle: 761
Memory Write to Addr: 0x7FFFFFCC Val: 0x00400074
In clock cycle: 762
Memory Write to Addr: 0x7FFFFFC8 Val: 0x10010000
In clock cycle: 763
Memory Write to Addr: 0x7FFFFFC4 Val: 0x00000006
In clock cycle: 764
Memory Write to Addr: 0x7FFFFFC0 Val: 0x00000008
In clock cycle: 765
Memory Write to Addr: 0x7FFFFFBC Val: 0x00000000
In clock cycle: 767
Register Write to Reg: 0x05 Val: 0x0000000E
In clock cycle: 768
Register Write to Reg: 0x05 Val: 0x00000007
In clock cycle: 769
Memory Write to Addr: 0x7FFFFFBC Val: 0x00000007
In clock cycle: 770
Register Write to Reg: 0x0A Val: 0x10010000
In clock cycle: 771
Register Write to Reg: 0x0B Val: 0x00000006
In clock cycle: 772
Register Write to Reg: 0x0C Val: 0x00000007
In clock cycle: 773
Register Write to Reg: 0x01 Val: 0x00400074
In clock cycle: 774
Register Write to Reg: 0x02 Val: 0x7FFFFFA0
In clock cycle: 775
Memory Write to Addr: 0x7FFFFFB4 Val: 0x00400074
In clock cycle: 776
Memory Write to Addr: 0x7FFFFFB0 Val: 0x10010000
In clock cycle: 777
Memory Write to Addr: 0x7FFFFFAC Val: 0x00000006
In clock cycle: 778
Memory Write to Addr: 0x7FFFFFA8 Val: 0x00000007
In clock cycle: 779
Memory Write to Addr: 0x7FFFFFA4 Val: 0x00000000
In clock cycle: 781
Register Write to Reg: 0x05 Val: 0x0000000D
In clock cycle: 782
Register Write to Reg: 0x05 Val: 0x00000006
In clock cycle: 783
Memory Write to Addr: 0x7FFFFFA4 Val: 0x00000006
In clock cycle: 784
Register Write to Reg: 0x0A Val: 0x10010000
In clock cycle: 785
Register Write to Reg: 0x0B Val: 0x00000006
In clock cycle: 786
Register Write to Reg: 0x0C Val: 0x00000006
In clock cycle: 787
Register Write to Reg: 0x01 Val: 0x00400074
In clock cycle: 788
Register Write to Reg: 0x02 Val: 0x7FFFFF88
In clock cycle: 789
Memory Write to Addr: 0x7FFFFF9C Val: 0x00400074
In clock cycle: 790
Memory Write to Addr: 0x7FFFFF98 Val: 0x10010000
In clock cycle: 791
Memory Write to Addr: 0x7FFFFF94 Val: 0x00000006
In clock cycle: 792
Memory Write to Addr: 0x7FFFFF90 Val: 0x00000006
In clock cycle: 793
Memory Write to Addr: 0x7FFFFF8C Val: 0x00000000
In clock cycle: 795
Register Write to Reg: 0x01 Val: 0x00400074
In clock cycle: 796
Register Write to Reg: 0x02 Val: 0x7FFFFFA0
In clock cycle: 797
Register Write to Reg: 0x00 Val: 0x004000A8
In clock cycle: 798
Register Write to Reg: 0x0A Val: 0x10010000
In clock cycle: 799
Register Write to Reg: 0x05 Val: 0x00000006
In clock cycle: 800
Register Write to Reg: 0x0B Val: 0x00000007
In clock cycle: 801
Register Write to Reg: 0x0C Val: 0x00000007
In clock cycle: 802
Register Write to Reg: 0x01 Val: 0x00400088
In clock cycle: 803
Register Write to Reg: 0x02 Val: 0x7FFFFF88
In clock cycle: 804
Memory Write to Addr: 0x7FFFFF9C Val: 0x00400088
In clock cycle: 805
Memory Write to Addr: 0x7FFFFF98 Val: 0x10010000
In clock cycle: 806
Memory Write to Addr: 0x7FFFFF94 Val: 0x00000007
In clock cycle: 807
Memory Write to Addr: 0x7FFFFF90 Val: 0x00000007
In clock cycle: 808
Memory Write to Addr: 0x7FFFFF8C Val: 0x00000000
In clock cycle: 810
Register Write to Reg: 0x01 Val: 0x00400088
In clock cycle: 811
Register Write to Reg: 0x02 Val: 0x7FFFFFA0
In clock cycle: 812
Register Write to Reg: 0x00 Val: 0x004000A8
In clock cycle: 813
Register Write to Reg: 0x0A Val: 0x10010000
In clock cycle: 814
Register Write to Reg: 0x0B Val: 0x00000006
In clock cycle: 815
Register Write to Reg: 0x0C Val: 0x00000006
In clock cycle: 816
Register Write to Reg: 0x0D Val: 0x00000007
In clock cycle: 817
Register Write to Reg: 0x01 Val: 0x0040009C
In clock cycle: 818
Register Write to Reg: 0x02 Val: 0x7FFFFF00
In clock cycle: 819
Memory Write to Addr: 0x7FFFFF9C Val: 0x0040009C
In clock cycle: 820
Memory Write to Addr: 0x7FFFFF98 Val: 0x10010000
In clock cycle: 821
Memory Write to Addr: 0x7FFFFF94 Val: 0x00000006
In clock cycle: 822
Memory Write to Addr: 0x7FFFFF90 Val: 0x00000006
In clock cycle: 823
Memory Write to Addr: 0x7FFFFF8C Val: 0x00000007
In clock cycle: 824
Register Write to Reg: 0x05 Val: 0x7FFFFF00
In clock cycle: 825
Register Write to Reg: 0x06 Val: 0x00000006
In clock cycle: 827
Register Write to Reg: 0x07 Val: 0x00000018
In clock cycle: 828
Register Write to Reg: 0x1C Val: 0x10010018
In clock cycle: 829
Register Write to Reg: 0x1D Val: 0x00000008
In clock cycle: 830
Register Write to Reg: 0x1E Val: 0x00000000
In clock cycle: 831
Register Write to Reg: 0x1E Val: 0x00000000
In clock cycle: 832
Register Write to Reg: 0x1F Val: 0x7FFFFF00
In clock cycle: 833
Memory Write to Addr: 0x7FFFFF00 Val: 0x00000008
In clock cycle: 834
Register Write to Reg: 0x06 Val: 0x00000007
In clock cycle: 835
Register Write to Reg: 0x00 Val: 0x004000F0
In clock cycle: 837
Register Write to Reg: 0x07 Val: 0x0000001C
In clock cycle: 838
Register Write to Reg: 0x1C Val: 0x1001001C
In clock cycle: 839
Register Write to Reg: 0x1D Val: 0x00000001
In clock cycle: 840
Register Write to Reg: 0x1E Val: 0x00000001
In clock cycle: 841
Register Write to Reg: 0x1E Val: 0x00000004
In clock cycle: 842
Register Write to Reg: 0x1F Val: 0x7FFFFF04
In clock cycle: 843
Memory Write to Addr: 0x7FFFFF04 Val: 0x00000001
In clock cycle: 844
Register Write to Reg: 0x06 Val: 0x00000008
In clock cycle: 845
Register Write to Reg: 0x00 Val: 0x004000F0
In clock cycle: 847
Register Write to Reg: 0x0A Val: 0x10010000
In clock cycle: 848
Register Write to Reg: 0x0B Val: 0x00000006
In clock cycle: 849
Register Write to Reg: 0x0C Val: 0x00000006
In clock cycle: 850
Register Write to Reg: 0x0D Val: 0x00000007
In clock cycle: 851
Register Write to Reg: 0x05 Val: 0x00000006
In clock cycle: 852
Register Write to Reg: 0x06 Val: 0x00000007
In clock cycle: 853
Register Write to Reg: 0x07 Val: 0x00000006
In clock cycle: 854
Register Write to Reg: 0x1C Val: 0x7FFFFF00
In clock cycle: 857
Register Write to Reg: 0x1D Val: 0x00000000
In clock cycle: 858
Register Write to Reg: 0x1D Val: 0x00000000
In clock cycle: 859
Register Write to Reg: 0x1E Val: 0x7FFFFF00
In clock cycle: 860
Register Write to Reg: 0x08 Val: 0x00000008
In clock cycle: 861
Register Write to Reg: 0x1D Val: 0x00000001
In clock cycle: 862
Register Write to Reg: 0x1D Val: 0x00000004
In clock cycle: 863
Register Write to Reg: 0x1E Val: 0x7FFFFF04
In clock cycle: 864
Register Write to Reg: 0x09 Val: 0x00000001
In clock cycle: 866
Register Write to Reg: 0x00 Val: 0x00400140
In clock cycle: 867
Register Write to Reg: 0x1D Val: 0x00000018
In clock cycle: 868
Register Write to Reg: 0x1E Val: 0x10010018
In clock cycle: 869
Memory Write to Addr: 0x10010018 Val: 0x00000001
In clock cycle: 870
Register Write to Reg: 0x06 Val: 0x00000008
In clock cycle: 871
Register Write to Reg: 0x07 Val: 0x00000007
In clock cycle: 872
Register Write to Reg: 0x00 Val: 0x00400170
In clock cycle: 876
Register Write to Reg: 0x1D Val: 0x00000000
In clock cycle: 877
Register Write to Reg: 0x1D Val: 0x00000000
In clock cycle: 878
Register Write to Reg: 0x1E Val: 0x7FFFFF00
In clock cycle: 879
Register Write to Reg: 0x08 Val: 0x00000008
In clock cycle: 880
Register Write to Reg: 0x1D Val: 0x0000001C
In clock cycle: 881
Register Write to Reg: 0x1E Val: 0x1001001C
In clock cycle: 882
Memory Write to Addr: 0x1001001C Val: 0x00000008
In clock cycle: 883
Register Write to Reg: 0x05 Val: 0x00000007
In clock cycle: 884
Register Write to Reg: 0x07 Val: 0x00000008
In clock cycle: 885
Register Write to Reg: 0x00 Val: 0x0040019C
In clock cycle: 887
Register Write to Reg: 0x01 Val: 0x0040009C
In clock cycle: 888
Register Write to Reg: 0x02 Val: 0x7FFFFFA0
In clock cycle: 889
Register Write to Reg: 0x00 Val: 0x004001D4
In clock cycle: 890
Register Write to Reg: 0x01 Val: 0x00400074
In clock cycle: 891
Register Write to Reg: 0x02 Val: 0x7FFFFFB8
In clock cycle: 892
Register Write to Reg: 0x00 Val: 0x004000A8
In clock cycle: 893
Register Write to Reg: 0x0A Val: 0x10010000
In clock cycle: 894
Register Write to Reg: 0x05 Val: 0x00000007
In clock cycle: 895
Register Write to Reg: 0x0B Val: 0x00000008
In clock cycle: 896
Register Write to Reg: 0x0C Val: 0x00000008
In clock cycle: 897
Register Write to Reg: 0x01 Val: 0x00400088
In clock cycle: 898
Register Write to Reg: 0x02 Val: 0x7FFFFFA0
In clock cycle: 899
Memory Write to Addr: 0x7FFFFFB4 Val: 0x00400088
In clock cycle: 900
Memory Write to Addr: 0x7FFFFFB0 Val: 0x10010000
In clock cycle: 901
Memory Write to Addr: 0x7FFFFFAC Val: 0x00000008
In clock cycle: 902
Memory Write to Addr: 0x7FFFFFA8 Val: 0x00000008
In clock cycle: 903
Memory Write to Addr: 0x7FFFFFA4 Val: 0x00000000
In clock cycle: 905
Register Write to Reg: 0x01 Val: 0x00400088
In clock cycle: 906
Register Write to Reg: 0x02 Val: 0x7FFFFFB8
In clock cycle: 907
Register Write to Reg: 0x00 Val: 0x004000A8
In clock cycle: 908
Register Write to Reg: 0x0A Val: 0x10010000
In clock cycle: 909
Register Write to Reg: 0x0B Val: 0x00000006
In clock cycle: 910
Register Write to Reg: 0x0C Val: 0x00000007
In clock cycle: 911
Register Write to Reg: 0x0D Val: 0x00000008
In clock cycle: 912
Register Write to Reg: 0x01 Val: 0x0040009C
In clock cycle: 913
Register Write to Reg: 0x02 Val: 0x7FFFFF18
In clock cycle: 914
Memory Write to Addr: 0x7FFFFFB4 Val: 0x0040009C
In clock cycle: 915
Memory Write to Addr: 0x7FFFFFB0 Val: 0x10010000
In clock cycle: 916
Memory Write to Addr: 0x7FFFFFAC Val: 0x00000006
In clock cycle: 917
Memory Write to Addr: 0x7FFFFFA8 Val: 0x00000007
In clock cycle: 918
Memory Write to Addr: 0x7FFFFFA4 Val: 0x00000008
In clock cycle: 919
Register Write to Reg: 0x05 Val: 0x7FFFFF18
In clock cycle: 920
Register Write to Reg: 0x06 Val: 0x00000006
In clock cycle: 922
Register Write to Reg: 0x07 Val: 0x00000018
In clock cycle: 923
Register Write to Reg: 0x1C Val: 0x10010018
In clock cycle: 924
Register Write to Reg: 0x1D Val: 0x00000001
In clock cycle: 925
Register Write to Reg: 0x1E Val: 0x00000000
In clock cycle: 926
Register Write to Reg: 0x1E Val: 0x00000000
In clock cycle: 927
Register Write to Reg: 0x1F Val: 0x7FFFFF18
In clock cycle: 928
Memory Write to Addr: 0x7FFFFF18 Val: 0x00000001
In clock cycle: 929
Register Write to Reg: 0x06 Val: 0x00000007
In clock cycle: 930
Register Write to Reg: 0x00 Val: 0x004000F0
In clock cycle: 932
Register Write to Reg: 0x07 Val: 0x0000001C
In clock cycle: 933
Register Write to Reg: 0x1C Val: 0x1001001C
In clock cycle: 934
Register Write to Reg: 0x1D Val: 0x00000008
In clock cycle: 935
Register Write to Reg: 0x1E Val: 0x00000001
In clock cycle: 936
Register Write to Reg: 0x1E Val: 0x00000004
In clock cycle: 937
Register Write to Reg: 0x1F Val: 0x7FFFFF1C
In clock cycle: 938
Memory Write to Addr: 0x7FFFFF1C Val: 0x00000008
In clock cycle: 939
Register Write to Reg: 0x06 Val: 0x00000008
In clock cycle: 940
Register Write to Reg: 0x00 Val: 0x004000F0
In clock cycle: 942
Register Write to Reg: 0x07 Val: 0x00000020
In clock cycle: 943
Register Write to Reg: 0x1C Val: 0x10010020
In clock cycle: 944
Register Write to Reg: 0x1D Val: 0x00000005
In clock cycle: 945
Register Write to Reg: 0x1E Val: 0x00000002
In clock cycle: 946
Register Write to Reg: 0x1E Val: 0x00000008
In clock cycle: 947
Register Write to Reg: 0x1F Val: 0x7FFFFF20
In clock cycle: 948
Memory Write to Addr: 0x7FFFFF20 Val: 0x00000005
In clock cycle: 949
Register Write to Reg: 0x06 Val: 0x00000009
In clock cycle: 950
Register Write to Reg: 0x00 Val: 0x004000F0
In clock cycle: 952
Register Write to Reg: 0x0A Val: 0x10010000
In clock cycle: 953
Register Write to Reg: 0x0B Val: 0x00000006
In clock cycle: 954
Register Write to Reg: 0x0C Val: 0x00000007
In clock cycle: 955
Register Write to Reg: 0x0D Val: 0x00000008
In clock cycle: 956
Register Write to Reg: 0x05 Val: 0x00000006
In clock cycle: 957
Register Write to Reg: 0x06 Val: 0x00000008
In clock cycle: 958
Register Write to Reg: 0x07 Val: 0x00000006
In clock cycle: 959
Register Write to Reg: 0x1C Val: 0x7FFFFF18
In clock cycle: 962
Register Write to Reg: 0x1D Val: 0x00000000
In clock cycle: 963
Register Write to Reg: 0x1D Val: 0x00000000
In clock cycle: 964
Register Write to Reg: 0x1E Val: 0x7FFFFF18
In clock cycle: 965
Register Write to Reg: 0x08 Val: 0x00000001
In clock cycle: 966
Register Write to Reg: 0x1D Val: 0x00000002
In clock cycle: 967
Register Write to Reg: 0x1D Val: 0x00000008
In clock cycle: 968
Register Write to Reg: 0x1E Val: 0x7FFFFF20
In clock cycle: 969
Register Write to Reg: 0x09 Val: 0x00000005
In clock cycle: 971
Register Write to Reg: 0x1D Val: 0x00000018
In clock cycle: 972
Register Write to Reg: 0x1E Val: 0x10010018
In clock cycle: 973
Memory Write to Addr: 0x10010018 Val: 0x00000001
In clock cycle: 974
Register Write to Reg: 0x05 Val: 0x00000007
In clock cycle: 975
Register Write to Reg: 0x07 Val: 0x00000007
In clock cycle: 976
Register Write to Reg: 0x00 Val: 0x00400158
In clock cycle: 979
Register Write to Reg: 0x1D Val: 0x00000001
In clock cycle: 980
Register Write to Reg: 0x1D Val: 0x00000004
In clock cycle: 981
Register Write to Reg: 0x1E Val: 0x7FFFFF1C
In clock cycle: 982
Register Write to Reg: 0x08 Val: 0x00000008
In clock cycle: 983
Register Write to Reg: 0x1D Val: 0x00000002
In clock cycle: 984
Register Write to Reg: 0x1D Val: 0x00000008
In clock cycle: 985
Register Write to Reg: 0x1E Val: 0x7FFFFF20
In clock cycle: 986
Register Write to Reg: 0x09 Val: 0x00000005
In clock cycle: 988
Register Write to Reg: 0x00 Val: 0x00400140
In clock cycle: 989
Register Write to Reg: 0x1D Val: 0x0000001C
In clock cycle: 990
Register Write to Reg: 0x1E Val: 0x1001001C
In clock cycle: 991
Memory Write to Addr: 0x1001001C Val: 0x00000005
In clock cycle: 992
Register Write to Reg: 0x06 Val: 0x00000009
In clock cycle: 993
Register Write to Reg: 0x07 Val: 0x00000008
In clock cycle: 994
Register Write to Reg: 0x00 Val: 0x00400170
In clock cycle: 998
Register Write to Reg: 0x1D Val: 0x00000001
In clock cycle: 999
Register Write to Reg: 0x1D Val: 0x00000004
In clock cycle: 1000
Register Write to Reg: 0x1E Val: 0x7FFFFF1C
In clock cycle: 1001
Register Write to Reg: 0x08 Val: 0x00000008
In clock cycle: 1002
Register Write to Reg: 0x1D Val: 0x00000020
In clock cycle: 1003
Register Write to Reg: 0x1E Val: 0x10010020
In clock cycle: 1004
Memory Write to Addr: 0x10010020 Val: 0x00000008
In clock cycle: 1005
Register Write to Reg: 0x05 Val: 0x00000008
In clock cycle: 1006
Register Write to Reg: 0x07 Val: 0x00000009
In clock cycle: 1007
Register Write to Reg: 0x00 Val: 0x0040019C
In clock cycle: 1009
Register Write to Reg: 0x01 Val: 0x0040009C
In clock cycle: 1010
Register Write to Reg: 0x02 Val: 0x7FFFFFB8
In clock cycle: 1011
Register Write to Reg: 0x00 Val: 0x004001D4
In clock cycle: 1012
Register Write to Reg: 0x01 Val: 0x00400074
In clock cycle: 1013
Register Write to Reg: 0x02 Val: 0x7FFFFFD0
In clock cycle: 1014
Register Write to Reg: 0x00 Val: 0x004000A8
In clock cycle: 1015
Register Write to Reg: 0x0A Val: 0x10010000
In clock cycle: 1016
Register Write to Reg: 0x05 Val: 0x00000008
In clock cycle: 1017
Register Write to Reg: 0x0B Val: 0x00000009
In clock cycle: 1018
Register Write to Reg: 0x0C Val: 0x0000000A
In clock cycle: 1019
Register Write to Reg: 0x01 Val: 0x00400088
In clock cycle: 1020
Register Write to Reg: 0x02 Val: 0x7FFFFFB8
In clock cycle: 1021
Memory Write to Addr: 0x7FFFFFCC Val: 0x00400088
In clock cycle: 1022
Memory Write to Addr: 0x7FFFFFC8 Val: 0x10010000
In clock cycle: 1023
Memory Write to Addr: 0x7FFFFFC4 Val: 0x00000009
In clock cycle: 1024
Memory Write to Addr: 0x7FFFFFC0 Val: 0x0000000A
In clock cycle: 1025
Memory Write to Addr: 0x7FFFFFBC Val: 0x00000000
In clock cycle: 1027
Register Write to Reg: 0x05 Val: 0x00000013
In clock cycle: 1028
Register Write to Reg: 0x05 Val: 0x00000009
In clock cycle: 1029
Memory Write to Addr: 0x7FFFFFBC Val: 0x00000009
In clock cycle: 1030
Register Write to Reg: 0x0A Val: 0x10010000
In clock cycle: 1031
Register Write to Reg: 0x0B Val: 0x00000009
In clock cycle: 1032
Register Write to Reg: 0x0C Val: 0x00000009
In clock cycle: 1033
Register Write to Reg: 0x01 Val: 0x00400074
In clock cycle: 1034
Register Write to Reg: 0x02 Val: 0x7FFFFFA0
In clock cycle: 1035
Memory Write to Addr: 0x7FFFFFB4 Val: 0x00400074
In clock cycle: 1036
Memory Write to Addr: 0x7FFFFFB0 Val: 0x10010000
In clock cycle: 1037
Memory Write to Addr: 0x7FFFFFAC Val: 0x00000009
In clock cycle: 1038
Memory Write to Addr: 0x7FFFFFA8 Val: 0x00000009
In clock cycle: 1039
Memory Write to Addr: 0x7FFFFFA4 Val: 0x00000000
In clock cycle: 1041
Register Write to Reg: 0x01 Val: 0x00400074
In clock cycle: 1042
Register Write to Reg: 0x02 Val: 0x7FFFFFB8
In clock cycle: 1043
Register Write to Reg: 0x00 Val: 0x004000A8
In clock cycle: 1044
Register Write to Reg: 0x0A Val: 0x10010000
In clock cycle: 1045
Register Write to Reg: 0x05 Val: 0x00000009
In clock cycle: 1046
Register Write to Reg: 0x0B Val: 0x0000000A
In clock cycle: 1047
Register Write to Reg: 0x0C Val: 0x0000000A
In clock cycle: 1048
Register Write to Reg: 0x01 Val: 0x00400088
In clock cycle: 1049
Register Write to Reg: 0x02 Val: 0x7FFFFFA0
In clock cycle: 1050
Memory Write to Addr: 0x7FFFFFB4 Val: 0x00400088
In clock cycle: 1051
Memory Write to Addr: 0x7FFFFFB0 Val: 0x10010000
In clock cycle: 1052
Memory Write to Addr: 0x7FFFFFAC Val: 0x0000000A
In clock cycle: 1053
Memory Write to Addr: 0x7FFFFFA8 Val: 0x0000000A
In clock cycle: 1054
Memory Write to Addr: 0x7FFFFFA4 Val: 0x00000000
In clock cycle: 1056
Register Write to Reg: 0x01 Val: 0x00400088
In clock cycle: 1057
Register Write to Reg: 0x02 Val: 0x7FFFFFB8
In clock cycle: 1058
Register Write to Reg: 0x00 Val: 0x004000A8
In clock cycle: 1059
Register Write to Reg: 0x0A Val: 0x10010000
In clock cycle: 1060
Register Write to Reg: 0x0B Val: 0x00000009
In clock cycle: 1061
Register Write to Reg: 0x0C Val: 0x00000009
In clock cycle: 1062
Register Write to Reg: 0x0D Val: 0x0000000A
In clock cycle: 1063
Register Write to Reg: 0x01 Val: 0x0040009C
In clock cycle: 1064
Register Write to Reg: 0x02 Val: 0x7FFFFF18
In clock cycle: 1065
Memory Write to Addr: 0x7FFFFFB4 Val: 0x0040009C
In clock cycle: 1066
Memory Write to Addr: 0x7FFFFFB0 Val: 0x10010000
In clock cycle: 1067
Memory Write to Addr: 0x7FFFFFAC Val: 0x00000009
In clock cycle: 1068
Memory Write to Addr: 0x7FFFFFA8 Val: 0x00000009
In clock cycle: 1069
Memory Write to Addr: 0x7FFFFFA4 Val: 0x0000000A
In clock cycle: 1070
Register Write to Reg: 0x05 Val: 0x7FFFFF18
In clock cycle: 1071
Register Write to Reg: 0x06 Val: 0x00000009
In clock cycle: 1073
Register Write to Reg: 0x07 Val: 0x00000024
In clock cycle: 1074
Register Write to Reg: 0x1C Val: 0x10010024
In clock cycle: 1075
Register Write to Reg: 0x1D Val: 0x00000003
In clock cycle: 1076
Register Write to Reg: 0x1E Val: 0x00000000
In clock cycle: 1077
Register Write to Reg: 0x1E Val: 0x00000000
In clock cycle: 1078
Register Write to Reg: 0x1F Val: 0x7FFFFF18
In clock cycle: 1079
Memory Write to Addr: 0x7FFFFF18 Val: 0x00000003
In clock cycle: 1080
Register Write to Reg: 0x06 Val: 0x0000000A
In clock cycle: 1081
Register Write to Reg: 0x00 Val: 0x004000F0
In clock cycle: 1083
Register Write to Reg: 0x07 Val: 0x00000028
In clock cycle: 1084
Register Write to Reg: 0x1C Val: 0x10010028
In clock cycle: 1085
Register Write to Reg: 0x1D Val: 0x00000006
In clock cycle: 1086
Register Write to Reg: 0x1E Val: 0x00000001
In clock cycle: 1087
Register Write to Reg: 0x1E Val: 0x00000004
In clock cycle: 1088
Register Write to Reg: 0x1F Val: 0x7FFFFF1C
In clock cycle: 1089
Memory Write to Addr: 0x7FFFFF1C Val: 0x00000006
In clock cycle: 1090
Register Write to Reg: 0x06 Val: 0x0000000B
In clock cycle: 1091
Register Write to Reg: 0x00 Val: 0x004000F0
In clock cycle: 1093
Register Write to Reg: 0x0A Val: 0x10010000
In clock cycle: 1094
Register Write to Reg: 0x0B Val: 0x00000009
In clock cycle: 1095
Register Write to Reg: 0x0C Val: 0x00000009
In clock cycle: 1096
Register Write to Reg: 0x0D Val: 0x0000000A
In clock cycle: 1097
Register Write to Reg: 0x05 Val: 0x00000009
In clock cycle: 1098
Register Write to Reg: 0x06 Val: 0x0000000A
In clock cycle: 1099
Register Write to Reg: 0x07 Val: 0x00000009
In clock cycle: 1100
Register Write to Reg: 0x1C Val: 0x7FFFFF18
In clock cycle: 1103
Register Write to Reg: 0x1D Val: 0x00000000
In clock cycle: 1104
Register Write to Reg: 0x1D Val: 0x00000000
In clock cycle: 1105
Register Write to Reg: 0x1E Val: 0x7FFFFF18
In clock cycle: 1106
Register Write to Reg: 0x08 Val: 0x00000003
In clock cycle: 1107
Register Write to Reg: 0x1D Val: 0x00000001
In clock cycle: 1108
Register Write to Reg: 0x1D Val: 0x00000004
In clock cycle: 1109
Register Write to Reg: 0x1E Val: 0x7FFFFF1C
In clock cycle: 1110
Register Write to Reg: 0x09 Val: 0x00000006
In clock cycle: 1112
Register Write to Reg: 0x1D Val: 0x00000024
In clock cycle: 1113
Register Write to Reg: 0x1E Val: 0x10010024
In clock cycle: 1114
Memory Write to Addr: 0x10010024 Val: 0x00000003
In clock cycle: 1115
Register Write to Reg: 0x05 Val: 0x0000000A
In clock cycle: 1116
Register Write to Reg: 0x07 Val: 0x0000000A
In clock cycle: 1117
Register Write to Reg: 0x00 Val: 0x00400158
In clock cycle: 1120
Register Write to Reg: 0x1D Val: 0x00000001
In clock cycle: 1121
Register Write to Reg: 0x1D Val: 0x00000004
In clock cycle: 1122
Register Write to Reg: 0x1E Val: 0x7FFFFF1C
In clock cycle: 1123
Register Write to Reg: 0x09 Val: 0x00000006
In clock cycle: 1124
Register Write to Reg: 0x1D Val: 0x00000028
In clock cycle: 1125
Register Write to Reg: 0x1E Val: 0x10010028
In clock cycle: 1126
Memory Write to Addr: 0x10010028 Val: 0x00000006
In clock cycle: 1127
Register Write to Reg: 0x06 Val: 0x0000000B
In clock cycle: 1128
Register Write to Reg: 0x07 Val: 0x0000000B
In clock cycle: 1129
Register Write to Reg: 0x00 Val: 0x004001C8
In clock cycle: 1131
Register Write to Reg: 0x01 Val: 0x0040009C
In clock cycle: 1132
Register Write to Reg: 0x02 Val: 0x7FFFFFB8
In clock cycle: 1133
Register Write to Reg: 0x00 Val: 0x004001D4
In clock cycle: 1134
Register Write to Reg: 0x01 Val: 0x00400088
In clock cycle: 1135
Register Write to Reg: 0x02 Val: 0x7FFFFFD0
In clock cycle: 1136
Register Write to Reg: 0x00 Val: 0x004000A8
In clock cycle: 1137
Register Write to Reg: 0x0A Val: 0x10010000
In clock cycle: 1138
Register Write to Reg: 0x0B Val: 0x00000006
In clock cycle: 1139
Register Write to Reg: 0x0C Val: 0x00000008
In clock cycle: 1140
Register Write to Reg: 0x0D Val: 0x0000000A
In clock cycle: 1141
Register Write to Reg: 0x01 Val: 0x0040009C
In clock cycle: 1142
Register Write to Reg: 0x02 Val: 0x7FFFFF30
In clock cycle: 1143
Memory Write to Addr: 0x7FFFFFCC Val: 0x0040009C
In clock cycle: 1144
Memory Write to Addr: 0x7FFFFFC8 Val: 0x10010000
In clock cycle: 1145
Memory Write to Addr: 0x7FFFFFC4 Val: 0x00000006
In clock cycle: 1146
Memory Write to Addr: 0x7FFFFFC0 Val: 0x00000008
In clock cycle: 1147
Memory Write to Addr: 0x7FFFFFBC Val: 0x0000000A
In clock cycle: 1148
Register Write to Reg: 0x05 Val: 0x7FFFFF30
In clock cycle: 1149
Register Write to Reg: 0x06 Val: 0x00000006
In clock cycle: 1151
Register Write to Reg: 0x07 Val: 0x00000018
In clock cycle: 1152
Register Write to Reg: 0x1C Val: 0x10010018
In clock cycle: 1153
Register Write to Reg: 0x1D Val: 0x00000001
In clock cycle: 1154
Register Write to Reg: 0x1E Val: 0x00000000
In clock cycle: 1155
Register Write to Reg: 0x1E Val: 0x00000000
In clock cycle: 1156
Register Write to Reg: 0x1F Val: 0x7FFFFF30
In clock cycle: 1157
Memory Write to Addr: 0x7FFFFF30 Val: 0x00000001
In clock cycle: 1158
Register Write to Reg: 0x06 Val: 0x00000007
In clock cycle: 1159
Register Write to Reg: 0x00 Val: 0x004000F0
In clock cycle: 1161
Register Write to Reg: 0x07 Val: 0x0000001C
In clock cycle: 1162
Register Write to Reg: 0x1C Val: 0x1001001C
In clock cycle: 1163
Register Write to Reg: 0x1D Val: 0x00000005
In clock cycle: 1164
Register Write to Reg: 0x1E Val: 0x00000001
In clock cycle: 1165
Register Write to Reg: 0x1E Val: 0x00000004
In clock cycle: 1166
Register Write to Reg: 0x1F Val: 0x7FFFFF34
In clock cycle: 1167
Memory Write to Addr: 0x7FFFFF34 Val: 0x00000005
In clock cycle: 1168
Register Write to Reg: 0x06 Val: 0x00000008
In clock cycle: 1169
Register Write to Reg: 0x00 Val: 0x004000F0
In clock cycle: 1171
Register Write to Reg: 0x07 Val: 0x00000020
In clock cycle: 1172
Register Write to Reg: 0x1C Val: 0x10010020
In clock cycle: 1173
Register Write to Reg: 0x1D Val: 0x00000008
In clock cycle: 1174
Register Write to Reg: 0x1E Val: 0x00000002
In clock cycle: 1175
Register Write to Reg: 0x1E Val: 0x00000008
In clock cycle: 1176
Register Write to Reg: 0x1F Val: 0x7FFFFF38
In clock cycle: 1177
Memory Write to Addr: 0x7FFFFF38 Val: 0x00000008
In clock cycle: 1178
Register Write to Reg: 0x06 Val: 0x00000009
In clock cycle: 1179
Register Write to Reg: 0x00 Val: 0x004000F0
In clock cycle: 1181
Register Write to Reg: 0x07 Val: 0x00000024
In clock cycle: 1182
Register Write to Reg: 0x1C Val: 0x10010024
In clock cycle: 1183
Register Write to Reg: 0x1D Val: 0x00000003
In clock cycle: 1184
Register Write to Reg: 0x1E Val: 0x00000003
In clock cycle: 1185
Register Write to Reg: 0x1E Val: 0x0000000C
In clock cycle: 1186
Register Write to Reg: 0x1F Val: 0x7FFFFF3C
In clock cycle: 1187
Memory Write to Addr: 0x7FFFFF3C Val: 0x00000003
In clock cycle: 1188
Register Write to Reg: 0x06 Val: 0x0000000A
In clock cycle: 1189
Register Write to Reg: 0x00 Val: 0x004000F0
In clock cycle: 1191
Register Write to Reg: 0x07 Val: 0x00000028
In clock cycle: 1192
Register Write to Reg: 0x1C Val: 0x10010028
In clock cycle: 1193
Register Write to Reg: 0x1D Val: 0x00000006
In clock cycle: 1194
Register Write to Reg: 0x1E Val: 0x00000004
In clock cycle: 1195
Register Write to Reg: 0x1E Val: 0x00000010
In clock cycle: 1196
Register Write to Reg: 0x1F Val: 0x7FFFFF40
In clock cycle: 1197
Memory Write to Addr: 0x7FFFFF40 Val: 0x00000006
In clock cycle: 1198
Register Write to Reg: 0x06 Val: 0x0000000B
In clock cycle: 1199
Register Write to Reg: 0x00 Val: 0x004000F0
In clock cycle: 1201
Register Write to Reg: 0x0A Val: 0x10010000
In clock cycle: 1202
Register Write to Reg: 0x0B Val: 0x00000006
In clock cycle: 1203
Register Write to Reg: 0x0C Val: 0x00000008
In clock cycle: 1204
Register Write to Reg: 0x0D Val: 0x0000000A
In clock cycle: 1205
Register Write to Reg: 0x05 Val: 0x00000006
In clock cycle: 1206
Register Write to Reg: 0x06 Val: 0x00000009
In clock cycle: 1207
Register Write to Reg: 0x07 Val: 0x00000006
In clock cycle: 1208
Register Write to Reg: 0x1C Val: 0x7FFFFF30
In clock cycle: 1211
Register Write to Reg: 0x1D Val: 0x00000000
In clock cycle: 1212
Register Write to Reg: 0x1D Val: 0x00000000
In clock cycle: 1213
Register Write to Reg: 0x1E Val: 0x7FFFFF30
In clock cycle: 1214
Register Write to Reg: 0x08 Val: 0x00000001
In clock cycle: 1215
Register Write to Reg: 0x1D Val: 0x00000003
In clock cycle: 1216
Register Write to Reg: 0x1D Val: 0x0000000C
In clock cycle: 1217
Register Write to Reg: 0x1E Val: 0x7FFFFF3C
In clock cycle: 1218
Register Write to Reg: 0x09 Val: 0x00000003
In clock cycle: 1220
Register Write to Reg: 0x1D Val: 0x00000018
In clock cycle: 1221
Register Write to Reg: 0x1E Val: 0x10010018
In clock cycle: 1222
Memory Write to Addr: 0x10010018 Val: 0x00000001
In clock cycle: 1223
Register Write to Reg: 0x05 Val: 0x00000007
In clock cycle: 1224
Register Write to Reg: 0x07 Val: 0x00000007
In clock cycle: 1225
Register Write to Reg: 0x00 Val: 0x00400158
In clock cycle: 1228
Register Write to Reg: 0x1D Val: 0x00000001
In clock cycle: 1229
Register Write to Reg: 0x1D Val: 0x00000004
In clock cycle: 1230
Register Write to Reg: 0x1E Val: 0x7FFFFF34
In clock cycle: 1231
Register Write to Reg: 0x08 Val: 0x00000005
In clock cycle: 1232
Register Write to Reg: 0x1D Val: 0x00000003
In clock cycle: 1233
Register Write to Reg: 0x1D Val: 0x0000000C
In clock cycle: 1234
Register Write to Reg: 0x1E Val: 0x7FFFFF3C
In clock cycle: 1235
Register Write to Reg: 0x09 Val: 0x00000003
In clock cycle: 1237
Register Write to Reg: 0x00 Val: 0x00400140
In clock cycle: 1238
Register Write to Reg: 0x1D Val: 0x0000001C
In clock cycle: 1239
Register Write to Reg: 0x1E Val: 0x1001001C
In clock cycle: 1240
Memory Write to Addr: 0x1001001C Val: 0x00000003
In clock cycle: 1241
Register Write to Reg: 0x06 Val: 0x0000000A
In clock cycle: 1242
Register Write to Reg: 0x07 Val: 0x00000008
In clock cycle: 1243
Register Write to Reg: 0x00 Val: 0x00400170
In clock cycle: 1246
Register Write to Reg: 0x1D Val: 0x00000001
In clock cycle: 1247
Register Write to Reg: 0x1D Val: 0x00000004
In clock cycle: 1248
Register Write to Reg: 0x1E Val: 0x7FFFFF34
In clock cycle: 1249
Register Write to Reg: 0x08 Val: 0x00000005
In clock cycle: 1250
Register Write to Reg: 0x1D Val: 0x00000004
In clock cycle: 1251
Register Write to Reg: 0x1D Val: 0x00000010
In clock cycle: 1252
Register Write to Reg: 0x1E Val: 0x7FFFFF40
In clock cycle: 1253
Register Write to Reg: 0x09 Val: 0x00000006
In clock cycle: 1255
Register Write to Reg: 0x1D Val: 0x00000020
In clock cycle: 1256
Register Write to Reg: 0x1E Val: 0x10010020
In clock cycle: 1257
Memory Write to Addr: 0x10010020 Val: 0x00000005
In clock cycle: 1258
Register Write to Reg: 0x05 Val: 0x00000008
In clock cycle: 1259
Register Write to Reg: 0x07 Val: 0x00000009
In clock cycle: 1260
Register Write to Reg: 0x00 Val: 0x00400158
In clock cycle: 1263
Register Write to Reg: 0x1D Val: 0x00000002
In clock cycle: 1264
Register Write to Reg: 0x1D Val: 0x00000008
In clock cycle: 1265
Register Write to Reg: 0x1E Val: 0x7FFFFF38
In clock cycle: 1266
Register Write to Reg: 0x08 Val: 0x00000008
In clock cycle: 1267
Register Write to Reg: 0x1D Val: 0x00000004
In clock cycle: 1268
Register Write to Reg: 0x1D Val: 0x00000010
In clock cycle: 1269
Register Write to Reg: 0x1E Val: 0x7FFFFF40
In clock cycle: 1270
Register Write to Reg: 0x09 Val: 0x00000006
In clock cycle: 1272
Register Write to Reg: 0x00 Val: 0x00400140
In clock cycle: 1273
Register Write to Reg: 0x1D Val: 0x00000024
In clock cycle: 1274
Register Write to Reg: 0x1E Val: 0x10010024
In clock cycle: 1275
Memory Write to Addr: 0x10010024 Val: 0x00000006
In clock cycle: 1276
Register Write to Reg: 0x06 Val: 0x0000000B
In clock cycle: 1277
Register Write to Reg: 0x07 Val: 0x0000000A
In clock cycle: 1278
Register Write to Reg: 0x00 Val: 0x00400170
In clock cycle: 1282
Register Write to Reg: 0x1D Val: 0x00000002
In clock cycle: 1283
Register Write to Reg: 0x1D Val: 0x00000008
In clock cycle: 1284
Register Write to Reg: 0x1E Val: 0x7FFFFF38
In clock cycle: 1285
Register Write to Reg: 0x08 Val: 0x00000008
In clock cycle: 1286
Register Write to Reg: 0x1D Val: 0x00000028
In clock cycle: 1287
Register Write to Reg: 0x1E Val: 0x10010028
In clock cycle: 1288
Memory Write to Addr: 0x10010028 Val: 0x00000008
In clock cycle: 1289
Register Write to Reg: 0x05 Val: 0x00000009
In clock cycle: 1290
Register Write to Reg: 0x07 Val: 0x0000000B
In clock cycle: 1291
Register Write to Reg: 0x00 Val: 0x0040019C
In clock cycle: 1293
Register Write to Reg: 0x01 Val: 0x0040009C
In clock cycle: 1294
Register Write to Reg: 0x02 Val: 0x7FFFFFD0
In clock cycle: 1295
Register Write to Reg: 0x00 Val: 0x004001D4
In clock cycle: 1296
Register Write to Reg: 0x01 Val: 0x00400088
In clock cycle: 1297
Register Write to Reg: 0x02 Val: 0x7FFFFFE8
In clock cycle: 1298
Register Write to Reg: 0x00 Val: 0x004000A8
In clock cycle: 1299
Register Write to Reg: 0x0A Val: 0x10010000
In clock cycle: 1300
Register Write to Reg: 0x0B Val: 0x00000000
In clock cycle: 1301
Register Write to Reg: 0x0C Val: 0x00000005
In clock cycle: 1302
Register Write to Reg: 0x0D Val: 0x0000000A
In clock cycle: 1303
Register Write to Reg: 0x01 Val: 0x0040009C
In clock cycle: 1304
Register Write to Reg: 0x02 Val: 0x7FFFFF48
In clock cycle: 1305
Memory Write to Addr: 0x7FFFFFE4 Val: 0x0040009C
In clock cycle: 1306
Memory Write to Addr: 0x7FFFFFE0 Val: 0x10010000
In clock cycle: 1307
Memory Write to Addr: 0x7FFFFFDC Val: 0x00000000
In clock cycle: 1308
Memory Write to Addr: 0x7FFFFFD8 Val: 0x00000005
In clock cycle: 1309
Memory Write to Addr: 0x7FFFFFD4 Val: 0x0000000A
In clock cycle: 1310
Register Write to Reg: 0x05 Val: 0x7FFFFF48
In clock cycle: 1311
Register Write to Reg: 0x06 Val: 0x00000000
In clock cycle: 1313
Register Write to Reg: 0x07 Val: 0x00000000
In clock cycle: 1314
Register Write to Reg: 0x1C Val: 0x10010000
In clock cycle: 1315
Register Write to Reg: 0x1D Val: 0xFFFFFFFF
In clock cycle: 1316
Register Write to Reg: 0x1E Val: 0x00000000
In clock cycle: 1317
Register Write to Reg: 0x1E Val: 0x00000000
In clock cycle: 1318
Register Write to Reg: 0x1F Val: 0x7FFFFF48
In clock cycle: 1319
Memory Write to Addr: 0x7FFFFF48 Val: 0xFFFFFFFF
In clock cycle: 1320
Register Write to Reg: 0x06 Val: 0x00000001
In clock cycle: 1321
Register Write to Reg: 0x00 Val: 0x004000F0
In clock cycle: 1323
Register Write to Reg: 0x07 Val: 0x00000004
In clock cycle: 1324
Register Write to Reg: 0x1C Val: 0x10010004
In clock cycle: 1325
Register Write to Reg: 0x1D Val: 0x00000002
In clock cycle: 1326
Register Write to Reg: 0x1E Val: 0x00000001
In clock cycle: 1327
Register Write to Reg: 0x1E Val: 0x00000004
In clock cycle: 1328
Register Write to Reg: 0x1F Val: 0x7FFFFF4C
In clock cycle: 1329
Memory Write to Addr: 0x7FFFFF4C Val: 0x00000002
In clock cycle: 1330
Register Write to Reg: 0x06 Val: 0x00000002
In clock cycle: 1331
Register Write to Reg: 0x00 Val: 0x004000F0
In clock cycle: 1333
Register Write to Reg: 0x07 Val: 0x00000008
In clock cycle: 1334
Register Write to Reg: 0x1C Val: 0x10010008
In clock cycle: 1335
Register Write to Reg: 0x1D Val: 0x00000003
In clock cycle: 1336
Register Write to Reg: 0x1E Val: 0x00000002
In clock cycle: 1337
Register Write to Reg: 0x1E Val: 0x00000008
In clock cycle: 1338
Register Write to Reg: 0x1F Val: 0x7FFFFF50
In clock cycle: 1339
Memory Write to Addr: 0x7FFFFF50 Val: 0x00000003
In clock cycle: 1340
Register Write to Reg: 0x06 Val: 0x00000003
In clock cycle: 1341
Register Write to Reg: 0x00 Val: 0x004000F0
In clock cycle: 1343
Register Write to Reg: 0x07 Val: 0x0000000C
In clock cycle: 1344
Register Write to Reg: 0x1C Val: 0x1001000C
In clock cycle: 1345
Register Write to Reg: 0x1D Val: 0x00000004
In clock cycle: 1346
Register Write to Reg: 0x1E Val: 0x00000003
In clock cycle: 1347
Register Write to Reg: 0x1E Val: 0x0000000C
In clock cycle: 1348
Register Write to Reg: 0x1F Val: 0x7FFFFF54
In clock cycle: 1349
Memory Write to Addr: 0x7FFFFF54 Val: 0x00000004
In clock cycle: 1350
Register Write to Reg: 0x06 Val: 0x00000004
In clock cycle: 1351
Register Write to Reg: 0x00 Val: 0x004000F0
In clock cycle: 1353
Register Write to Reg: 0x07 Val: 0x00000010
In clock cycle: 1354
Register Write to Reg: 0x1C Val: 0x10010010
In clock cycle: 1355
Register Write to Reg: 0x1D Val: 0x00000007
In clock cycle: 1356
Register Write to Reg: 0x1E Val: 0x00000004
In clock cycle: 1357
Register Write to Reg: 0x1E Val: 0x00000010
In clock cycle: 1358
Register Write to Reg: 0x1F Val: 0x7FFFFF58
In clock cycle: 1359
Memory Write to Addr: 0x7FFFFF58 Val: 0x00000007
In clock cycle: 1360
Register Write to Reg: 0x06 Val: 0x00000005
In clock cycle: 1361
Register Write to Reg: 0x00 Val: 0x004000F0
In clock cycle: 1363
Register Write to Reg: 0x07 Val: 0x00000014
In clock cycle: 1364
Register Write to Reg: 0x1C Val: 0x10010014
In clock cycle: 1365
Register Write to Reg: 0x1D Val: 0x00000009
In clock cycle: 1366
Register Write to Reg: 0x1E Val: 0x00000005
In clock cycle: 1367
Register Write to Reg: 0x1E Val: 0x00000014
In clock cycle: 1368
Register Write to Reg: 0x1F Val: 0x7FFFFF5C
In clock cycle: 1369
Memory Write to Addr: 0x7FFFFF5C Val: 0x00000009
In clock cycle: 1370
Register Write to Reg: 0x06 Val: 0x00000006
In clock cycle: 1371
Register Write to Reg: 0x00 Val: 0x004000F0
In clock cycle: 1373
Register Write to Reg: 0x07 Val: 0x00000018
In clock cycle: 1374
Register Write to Reg: 0x1C Val: 0x10010018
In clock cycle: 1375
Register Write to Reg: 0x1D Val: 0x00000001
In clock cycle: 1376
Register Write to Reg: 0x1E Val: 0x00000006
In clock cycle: 1377
Register Write to Reg: 0x1E Val: 0x00000018
In clock cycle: 1378
Register Write to Reg: 0x1F Val: 0x7FFFFF60
In clock cycle: 1379
Memory Write to Addr: 0x7FFFFF60 Val: 0x00000001
In clock cycle: 1380
Register Write to Reg: 0x06 Val: 0x00000007
In clock cycle: 1381
Register Write to Reg: 0x00 Val: 0x004000F0
In clock cycle: 1383
Register Write to Reg: 0x07 Val: 0x0000001C
In clock cycle: 1384
Register Write to Reg: 0x1C Val: 0x1001001C
In clock cycle: 1385
Register Write to Reg: 0x1D Val: 0x00000003
In clock cycle: 1386
Register Write to Reg: 0x1E Val: 0x00000007
In clock cycle: 1387
Register Write to Reg: 0x1E Val: 0x0000001C
In clock cycle: 1388
Register Write to Reg: 0x1F Val: 0x7FFFFF64
In clock cycle: 1389
Memory Write to Addr: 0x7FFFFF64 Val: 0x00000003
In clock cycle: 1390
Register Write to Reg: 0x06 Val: 0x00000008
In clock cycle: 1391
Register Write to Reg: 0x00 Val: 0x004000F0
In clock cycle: 1393
Register Write to Reg: 0x07 Val: 0x00000020
In clock cycle: 1394
Register Write to Reg: 0x1C Val: 0x10010020
In clock cycle: 1395
Register Write to Reg: 0x1D Val: 0x00000005
In clock cycle: 1396
Register Write to Reg: 0x1E Val: 0x00000008
In clock cycle: 1397
Register Write to Reg: 0x1E Val: 0x00000020
In clock cycle: 1398
Register Write to Reg: 0x1F Val: 0x7FFFFF68
In clock cycle: 1399
Memory Write to Addr: 0x7FFFFF68 Val: 0x00000005
In clock cycle: 1400
Register Write to Reg: 0x06 Val: 0x00000009
In clock cycle: 1401
Register Write to Reg: 0x00 Val: 0x004000F0
In clock cycle: 1403
Register Write to Reg: 0x07 Val: 0x00000024
In clock cycle: 1404
Register Write to Reg: 0x1C Val: 0x10010024
In clock cycle: 1405
Register Write to Reg: 0x1D Val: 0x00000006
In clock cycle: 1406
Register Write to Reg: 0x1E Val: 0x00000009
In clock cycle: 1407
Register Write to Reg: 0x1E Val: 0x00000024
In clock cycle: 1408
Register Write to Reg: 0x1F Val: 0x7FFFFF6C
In clock cycle: 1409
Memory Write to Addr: 0x7FFFFF6C Val: 0x00000006
In clock cycle: 1410
Register Write to Reg: 0x06 Val: 0x0000000A
In clock cycle: 1411
Register Write to Reg: 0x00 Val: 0x004000F0
In clock cycle: 1413
Register Write to Reg: 0x07 Val: 0x00000028
In clock cycle: 1414
Register Write to Reg: 0x1C Val: 0x10010028
In clock cycle: 1415
Register Write to Reg: 0x1D Val: 0x00000008
In clock cycle: 1416
Register Write to Reg: 0x1E Val: 0x0000000A
In clock cycle: 1417
Register Write to Reg: 0x1E Val: 0x00000028
In clock cycle: 1418
Register Write to Reg: 0x1F Val: 0x7FFFFF70
In clock cycle: 1419
Memory Write to Addr: 0x7FFFFF70 Val: 0x00000008
In clock cycle: 1420
Register Write to Reg: 0x06 Val: 0x0000000B
In clock cycle: 1421
Register Write to Reg: 0x00 Val: 0x004000F0
In clock cycle: 1423
Register Write to Reg: 0x0A Val: 0x10010000
In clock cycle: 1424
Register Write to Reg: 0x0B Val: 0x00000000
In clock cycle: 1425
Register Write to Reg: 0x0C Val: 0x00000005
In clock cycle: 1426
Register Write to Reg: 0x0D Val: 0x0000000A
In clock cycle: 1427
Register Write to Reg: 0x05 Val: 0x00000000
In clock cycle: 1428
Register Write to Reg: 0x06 Val: 0x00000006
In clock cycle: 1429
Register Write to Reg: 0x07 Val: 0x00000000
In clock cycle: 1430
Register Write to Reg: 0x1C Val: 0x7FFFFF48
In clock cycle: 1433
Register Write to Reg: 0x1D Val: 0x00000000
In clock cycle: 1434
Register Write to Reg: 0x1D Val: 0x00000000
In clock cycle: 1435
Register Write to Reg: 0x1E Val: 0x7FFFFF48
In clock cycle: 1436
Register Write to Reg: 0x08 Val: 0xFFFFFFFF
In clock cycle: 1437
Register Write to Reg: 0x1D Val: 0x00000006
In clock cycle: 1438
Register Write to Reg: 0x1D Val: 0x00000018
In clock cycle: 1439
Register Write to Reg: 0x1E Val: 0x7FFFFF60
In clock cycle: 1440
Register Write to Reg: 0x09 Val: 0x00000001
In clock cycle: 1442
Register Write to Reg: 0x1D Val: 0x00000000
In clock cycle: 1443
Register Write to Reg: 0x1E Val: 0x10010000
In clock cycle: 1444
Memory Write to Addr: 0x10010000 Val: 0xFFFFFFFF
In clock cycle: 1445
Register Write to Reg: 0x05 Val: 0x00000001
In clock cycle: 1446
Register Write to Reg: 0x07 Val: 0x00000001
In clock cycle: 1447
Register Write to Reg: 0x00 Val: 0x00400158
In clock cycle: 1450
Register Write to Reg: 0x1D Val: 0x00000001
In clock cycle: 1451
Register Write to Reg: 0x1D Val: 0x00000004
In clock cycle: 1452
Register Write to Reg: 0x1E Val: 0x7FFFFF4C
In clock cycle: 1453
Register Write to Reg: 0x08 Val: 0x00000002
In clock cycle: 1454
Register Write to Reg: 0x1D Val: 0x00000006
In clock cycle: 1455
Register Write to Reg: 0x1D Val: 0x00000018
In clock cycle: 1456
Register Write to Reg: 0x1E Val: 0x7FFFFF60
In clock cycle: 1457
Register Write to Reg: 0x09 Val: 0x00000001
In clock cycle: 1459
Register Write to Reg: 0x00 Val: 0x00400140
In clock cycle: 1460
Register Write to Reg: 0x1D Val: 0x00000004
In clock cycle: 1461
Register Write to Reg: 0x1E Val: 0x10010004
In clock cycle: 1462
Memory Write to Addr: 0x10010004 Val: 0x00000001
In clock cycle: 1463
Register Write to Reg: 0x06 Val: 0x00000007
In clock cycle: 1464
Register Write to Reg: 0x07 Val: 0x00000002
In clock cycle: 1465
Register Write to Reg: 0x00 Val: 0x00400170
In clock cycle: 1468
Register Write to Reg: 0x1D Val: 0x00000001
In clock cycle: 1469
Register Write to Reg: 0x1D Val: 0x00000004
In clock cycle: 1470
Register Write to Reg: 0x1E Val: 0x7FFFFF4C
In clock cycle: 1471
Register Write to Reg: 0x08 Val: 0x00000002
In clock cycle: 1472
Register Write to Reg: 0x1D Val: 0x00000007
In clock cycle: 1473
Register Write to Reg: 0x1D Val: 0x0000001C
In clock cycle: 1474
Register Write to Reg: 0x1E Val: 0x7FFFFF64
In clock cycle: 1475
Register Write to Reg: 0x09 Val: 0x00000003
In clock cycle: 1477
Register Write to Reg: 0x1D Val: 0x00000008
In clock cycle: 1478
Register Write to Reg: 0x1E Val: 0x10010008
In clock cycle: 1479
Memory Write to Addr: 0x10010008 Val: 0x00000002
In clock cycle: 1480
Register Write to Reg: 0x05 Val: 0x00000002
In clock cycle: 1481
Register Write to Reg: 0x07 Val: 0x00000003
In clock cycle: 1482
Register Write to Reg: 0x00 Val: 0x00400158
In clock cycle: 1485
Register Write to Reg: 0x1D Val: 0x00000002
In clock cycle: 1486
Register Write to Reg: 0x1D Val: 0x00000008
In clock cycle: 1487
Register Write to Reg: 0x1E Val: 0x7FFFFF50
In clock cycle: 1488
Register Write to Reg: 0x08 Val: 0x00000003
In clock cycle: 1489
Register Write to Reg: 0x1D Val: 0x00000007
In clock cycle: 1490
Register Write to Reg: 0x1D Val: 0x0000001C
In clock cycle: 1491
Register Write to Reg: 0x1E Val: 0x7FFFFF64
In clock cycle: 1492
Register Write to Reg: 0x09 Val: 0x00000003
In clock cycle: 1494
Register Write to Reg: 0x1D Val: 0x0000000C
In clock cycle: 1495
Register Write to Reg: 0x1E Val: 0x1001000C
In clock cycle: 1496
Memory Write to Addr: 0x1001000C Val: 0x00000003
In clock cycle: 1497
Register Write to Reg: 0x05 Val: 0x00000003
In clock cycle: 1498
Register Write to Reg: 0x07 Val: 0x00000004
In clock cycle: 1499
Register Write to Reg: 0x00 Val: 0x00400158
In clock cycle: 1502
Register Write to Reg: 0x1D Val: 0x00000003
In clock cycle: 1503
Register Write to Reg: 0x1D Val: 0x0000000C
In clock cycle: 1504
Register Write to Reg: 0x1E Val: 0x7FFFFF54
In clock cycle: 1505
Register Write to Reg: 0x08 Val: 0x00000004
In clock cycle: 1506
Register Write to Reg: 0x1D Val: 0x00000007
In clock cycle: 1507
Register Write to Reg: 0x1D Val: 0x0000001C
In clock cycle: 1508
Register Write to Reg: 0x1E Val: 0x7FFFFF64
In clock cycle: 1509
Register Write to Reg: 0x09 Val: 0x00000003
In clock cycle: 1511
Register Write to Reg: 0x00 Val: 0x00400140
In clock cycle: 1512
Register Write to Reg: 0x1D Val: 0x00000010
In clock cycle: 1513
Register Write to Reg: 0x1E Val: 0x10010010
In clock cycle: 1514
Memory Write to Addr: 0x10010010 Val: 0x00000003
In clock cycle: 1515
Register Write to Reg: 0x06 Val: 0x00000008
In clock cycle: 1516
Register Write to Reg: 0x07 Val: 0x00000005
In clock cycle: 1517
Register Write to Reg: 0x00 Val: 0x00400170
In clock cycle: 1520
Register Write to Reg: 0x1D Val: 0x00000003
In clock cycle: 1521
Register Write to Reg: 0x1D Val: 0x0000000C
In clock cycle: 1522
Register Write to Reg: 0x1E Val: 0x7FFFFF54
In clock cycle: 1523
Register Write to Reg: 0x08 Val: 0x00000004
In clock cycle: 1524
Register Write to Reg: 0x1D Val: 0x00000008
In clock cycle: 1525
Register Write to Reg: 0x1D Val: 0x00000020
In clock cycle: 1526
Register Write to Reg: 0x1E Val: 0x7FFFFF68
In clock cycle: 1527
Register Write to Reg: 0x09 Val: 0x00000005
In clock cycle: 1529
Register Write to Reg: 0x1D Val: 0x00000014
In clock cycle: 1530
Register Write to Reg: 0x1E Val: 0x10010014
In clock cycle: 1531
Memory Write to Addr: 0x10010014 Val: 0x00000004
In clock cycle: 1532
Register Write to Reg: 0x05 Val: 0x00000004
In clock cycle: 1533
Register Write to Reg: 0x07 Val: 0x00000006
In clock cycle: 1534
Register Write to Reg: 0x00 Val: 0x00400158
In clock cycle: 1537
Register Write to Reg: 0x1D Val: 0x00000004
In clock cycle: 1538
Register Write to Reg: 0x1D Val: 0x00000010
In clock cycle: 1539
Register Write to Reg: 0x1E Val: 0x7FFFFF58
In clock cycle: 1540
Register Write to Reg: 0x08 Val: 0x00000007
In clock cycle: 1541
Register Write to Reg: 0x1D Val: 0x00000008
In clock cycle: 1542
Register Write to Reg: 0x1D Val: 0x00000020
In clock cycle: 1543
Register Write to Reg: 0x1E Val: 0x7FFFFF68
In clock cycle: 1544
Register Write to Reg: 0x09 Val: 0x00000005
In clock cycle: 1546
Register Write to Reg: 0x00 Val: 0x00400140
In clock cycle: 1547
Register Write to Reg: 0x1D Val: 0x00000018
In clock cycle: 1548
Register Write to Reg: 0x1E Val: 0x10010018
In clock cycle: 1549
Memory Write to Addr: 0x10010018 Val: 0x00000005
In clock cycle: 1550
Register Write to Reg: 0x06 Val: 0x00000009
In clock cycle: 1551
Register Write to Reg: 0x07 Val: 0x00000007
In clock cycle: 1552
Register Write to Reg: 0x00 Val: 0x00400170
In clock cycle: 1555
Register Write to Reg: 0x1D Val: 0x00000004
In clock cycle: 1556
Register Write to Reg: 0x1D Val: 0x00000010
In clock cycle: 1557
Register Write to Reg: 0x1E Val: 0x7FFFFF58
In clock cycle: 1558
Register Write to Reg: 0x08 Val: 0x00000007
In clock cycle: 1559
Register Write to Reg: 0x1D Val: 0x00000009
In clock cycle: 1560
Register Write to Reg: 0x1D Val: 0x00000024
In clock cycle: 1561
Register Write to Reg: 0x1E Val: 0x7FFFFF6C
In clock cycle: 1562
Register Write to Reg: 0x09 Val: 0x00000006
In clock cycle: 1564
Register Write to Reg: 0x00 Val: 0x00400140
In clock cycle: 1565
Register Write to Reg: 0x1D Val: 0x0000001C
In clock cycle: 1566
Register Write to Reg: 0x1E Val: 0x1001001C
In clock cycle: 1567
Memory Write to Addr: 0x1001001C Val: 0x00000006
In clock cycle: 1568
Register Write to Reg: 0x06 Val: 0x0000000A
In clock cycle: 1569
Register Write to Reg: 0x07 Val: 0x00000008
In clock cycle: 1570
Register Write to Reg: 0x00 Val: 0x00400170
In clock cycle: 1573
Register Write to Reg: 0x1D Val: 0x00000004
In clock cycle: 1574
Register Write to Reg: 0x1D Val: 0x00000010
In clock cycle: 1575
Register Write to Reg: 0x1E Val: 0x7FFFFF58
In clock cycle: 1576
Register Write to Reg: 0x08 Val: 0x00000007
In clock cycle: 1577
Register Write to Reg: 0x1D Val: 0x0000000A
In clock cycle: 1578
Register Write to Reg: 0x1D Val: 0x00000028
In clock cycle: 1579
Register Write to Reg: 0x1E Val: 0x7FFFFF70
In clock cycle: 1580
Register Write to Reg: 0x09 Val: 0x00000008
In clock cycle: 1582
Register Write to Reg: 0x1D Val: 0x00000020
In clock cycle: 1583
Register Write to Reg: 0x1E Val: 0x10010020
In clock cycle: 1584
Memory Write to Addr: 0x10010020 Val: 0x00000007
In clock cycle: 1585
Register Write to Reg: 0x05 Val: 0x00000005
In clock cycle: 1586
Register Write to Reg: 0x07 Val: 0x00000009
In clock cycle: 1587
Register Write to Reg: 0x00 Val: 0x00400158
In clock cycle: 1590
Register Write to Reg: 0x1D Val: 0x00000005
In clock cycle: 1591
Register Write to Reg: 0x1D Val: 0x00000014
In clock cycle: 1592
Register Write to Reg: 0x1E Val: 0x7FFFFF5C
In clock cycle: 1593
Register Write to Reg: 0x08 Val: 0x00000009
In clock cycle: 1594
Register Write to Reg: 0x1D Val: 0x0000000A
In clock cycle: 1595
Register Write to Reg: 0x1D Val: 0x00000028
In clock cycle: 1596
Register Write to Reg: 0x1E Val: 0x7FFFFF70
In clock cycle: 1597
Register Write to Reg: 0x09 Val: 0x00000008
In clock cycle: 1599
Register Write to Reg: 0x00 Val: 0x00400140
In clock cycle: 1600
Register Write to Reg: 0x1D Val: 0x00000024
In clock cycle: 1601
Register Write to Reg: 0x1E Val: 0x10010024
In clock cycle: 1602
Memory Write to Addr: 0x10010024 Val: 0x00000008
In clock cycle: 1603
Register Write to Reg: 0x06 Val: 0x0000000B
In clock cycle: 1604
Register Write to Reg: 0x07 Val: 0x0000000A
In clock cycle: 1605
Register Write to Reg: 0x00 Val: 0x00400170
In clock cycle: 1609
Register Write to Reg: 0x1D Val: 0x00000005
In clock cycle: 1610
Register Write to Reg: 0x1D Val: 0x00000014
In clock cycle: 1611
Register Write to Reg: 0x1E Val: 0x7FFFFF5C
In clock cycle: 1612
Register Write to Reg: 0x08 Val: 0x00000009
In clock cycle: 1613
Register Write to Reg: 0x1D Val: 0x00000028
In clock cycle: 1614
Register Write to Reg: 0x1E Val: 0x10010028
In clock cycle: 1615
Memory Write to Addr: 0x10010028 Val: 0x00000009
In clock cycle: 1616
Register Write to Reg: 0x05 Val: 0x00000006
In clock cycle: 1617
Register Write to Reg: 0x07 Val: 0x0000000B
In clock cycle: 1618
Register Write to Reg: 0x00 Val: 0x0040019C
In clock cycle: 1620
Register Write to Reg: 0x01 Val: 0x0040009C
In clock cycle: 1621
Register Write to Reg: 0x02 Val: 0x7FFFFFE8
In clock cycle: 1622
Register Write to Reg: 0x00 Val: 0x004001D4
In clock cycle: 1623
Register Write to Reg: 0x01 Val: 0x00400038
In clock cycle: 1624
Register Write to Reg: 0x02 Val: 0x80000000
In clock cycle: 1625
Register Write to Reg: 0x00 Val: 0x004000A8
In clock cycle: 1626
Register Write to Reg: 0x00 Val: 0x0040003C
Execution is stopping! Clock Cycle: 1627
