[inst #1] auipc x5,64528
Register Write to Reg: 0x05 Val: 0x10010000
[inst #2] addi x5,x5,0
Register Write to Reg: 0x05 Val: 0x10010000
[inst #3] lhu x6,0(x5)
Register Write to Reg: 0x06 Val: 0x0000FFFF
[inst #4] lhu x0,0(x5)
Register Write to Reg: 0x00 Val: 0x0000FFFF
[inst #5] lhu x1,0(x5)
Register Write to Reg: 0x01 Val: 0x0000FFFF
[inst #6] lhu x2,0(x5)
Register Write to Reg: 0x02 Val: 0x0000FFFF
[inst #7] lhu x3,0(x5)
Register Write to Reg: 0x03 Val: 0x0000FFFF
[inst #8] lhu x4,0(x5)
Register Write to Reg: 0x04 Val: 0x0000FFFF
[inst #9] lhu x6,0(x5)
Register Write to Reg: 0x06 Val: 0x0000FFFF
[inst #10] lhu x7,0(x5)
Register Write to Reg: 0x07 Val: 0x0000FFFF
[inst #11] lhu x8,0(x5)
Register Write to Reg: 0x08 Val: 0x0000FFFF
[inst #12] lhu x9,0(x5)
Register Write to Reg: 0x09 Val: 0x0000FFFF
[inst #13] lhu x10,0(x5)
Register Write to Reg: 0x0A Val: 0x0000FFFF
[inst #14] lhu x11,0(x5)
Register Write to Reg: 0x0B Val: 0x0000FFFF
[inst #15] lhu x12,0(x5)
Register Write to Reg: 0x0C Val: 0x0000FFFF
[inst #16] lhu x13,0(x5)
Register Write to Reg: 0x0D Val: 0x0000FFFF
[inst #17] lhu x14,0(x5)
Register Write to Reg: 0x0E Val: 0x0000FFFF
[inst #18] lhu x15,0(x5)
Register Write to Reg: 0x0F Val: 0x0000FFFF
[inst #19] lhu x16,0(x5)
Register Write to Reg: 0x10 Val: 0x0000FFFF
[inst #20] lhu x17,0(x5)
Register Write to Reg: 0x11 Val: 0x0000FFFF
[inst #21] lhu x18,0(x5)
Register Write to Reg: 0x12 Val: 0x0000FFFF
[inst #22] lhu x19,0(x5)
Register Write to Reg: 0x13 Val: 0x0000FFFF
[inst #23] lhu x20,0(x5)
Register Write to Reg: 0x14 Val: 0x0000FFFF
[inst #24] lhu x21,0(x5)
Register Write to Reg: 0x15 Val: 0x0000FFFF
[inst #25] lhu x22,0(x5)
Register Write to Reg: 0x16 Val: 0x0000FFFF
[inst #26] lhu x23,0(x5)
Register Write to Reg: 0x17 Val: 0x0000FFFF
[inst #27] lhu x24,0(x5)
Register Write to Reg: 0x18 Val: 0x0000FFFF
[inst #28] lhu x25,0(x5)
Register Write to Reg: 0x19 Val: 0x0000FFFF
[inst #29] lhu x26,0(x5)
Register Write to Reg: 0x1A Val: 0x0000FFFF
[inst #30] lhu x27,0(x5)
Register Write to Reg: 0x1B Val: 0x0000FFFF
[inst #31] lhu x28,0(x5)
Register Write to Reg: 0x1C Val: 0x0000FFFF
[inst #32] lhu x29,0(x5)
Register Write to Reg: 0x1D Val: 0x0000FFFF
[inst #33] lhu x30,0(x5)
Register Write to Reg: 0x1E Val: 0x0000FFFF
[inst #34] lhu x31,0(x5)
Register Write to Reg: 0x1F Val: 0x0000FFFF
[inst #35] lhu x5,0(x5)
Register Write to Reg: 0x05 Val: 0x0000FFFF
[inst #36] wfi 

Program terminated by dropping off the bottom.
