[inst #1] addi x1,x0,7
Register Write to Reg: 0x01 Val: 0x00000007
[inst #2] addi x2,x0,7
Register Write to Reg: 0x02 Val: 0x00000007
[inst #3] auipc x3,64528
Register Write to Reg: 0x03 Val: 0x10010008
[inst #4] addi x3,x3,-8
Register Write to Reg: 0x03 Val: 0x10010000
[inst #5] blt x1,x2,16
[inst #6] addi x5,x0,0
Register Write to Reg: 0x05 Val: 0x00000000
[inst #7] sw x5,0(x3)
Memory Write to Addr: 0x10010000 Val: 0x00000000
[inst #8] jal x0,12
Register Write to Reg: 0x00 Val: 0x00400020
[inst #9] addi x1,x0,12
Register Write to Reg: 0x01 Val: 0x0000000C
[inst #10] addi x2,x0,5
Register Write to Reg: 0x02 Val: 0x00000005
[inst #11] auipc x3,64528
Register Write to Reg: 0x03 Val: 0x10010030
[inst #12] addi x3,x3,-44
Register Write to Reg: 0x03 Val: 0x10010004
[inst #13] blt x1,x2,16
[inst #14] addi x5,x0,0
Register Write to Reg: 0x05 Val: 0x00000000
[inst #15] sw x5,0(x3)
Memory Write to Addr: 0x10010004 Val: 0x00000000
[inst #16] jal x0,12
Register Write to Reg: 0x00 Val: 0x00400048
[inst #17] wfi 

Program terminated by dropping off the bottom.
