[inst #1] addi x1,x0,100
Register Write to Reg: 0x01 Val: 0x00000064
[inst #2] addi x2,x0,100
Register Write to Reg: 0x02 Val: 0x00000064
[inst #3] addi x5,x0,0
Register Write to Reg: 0x05 Val: 0x00000000
[inst #4] bgeu x1,x2,8
[inst #5] addi x1,x1,1
Register Write to Reg: 0x01 Val: 0x00000065
[inst #6] bgeu x1,x2,8
[inst #7] addi x2,x2,2
Register Write to Reg: 0x02 Val: 0x00000066
[inst #8] bgeu x1,x2,8
[inst #9] addi x5,x5,1
Register Write to Reg: 0x05 Val: 0x00000001
[inst #10] addi x1,x0,-1
Register Write to Reg: 0x01 Val: 0xFFFFFFFF
[inst #11] bgeu x1,x2,8
[inst #12] addi x1,x0,100
Register Write to Reg: 0x01 Val: 0x00000064
[inst #13] addi x2,x0,-1
Register Write to Reg: 0x02 Val: 0xFFFFFFFF
[inst #14] bgeu x1,x2,8
[inst #15] addi x5,x5,1
Register Write to Reg: 0x05 Val: 0x00000002
[inst #16] lui x1,1
Register Write to Reg: 0x01 Val: 0x00001000
[inst #17] addi x1,x1,-1
Register Write to Reg: 0x01 Val: 0x00000FFF
[inst #18] lui x2,1
Register Write to Reg: 0x02 Val: 0x00001000
[inst #19] addi x2,x2,-1
Register Write to Reg: 0x02 Val: 0x00000FFF
[inst #20] bgeu x1,x2,8
[inst #21] lui x1,1
Register Write to Reg: 0x01 Val: 0x00001000
[inst #22] addi x1,x1,-1
Register Write to Reg: 0x01 Val: 0x00000FFF
[inst #23] lui x2,1
Register Write to Reg: 0x02 Val: 0x00001000
[inst #24] addi x2,x2,-1
Register Write to Reg: 0x02 Val: 0x00000FFF
[inst #25] bgeu x1,x2,8
[inst #26] addi x1,x0,0
Register Write to Reg: 0x01 Val: 0x00000000
[inst #27] bgeu x1,x2,8
[inst #28] addi x5,x5,1
Register Write to Reg: 0x05 Val: 0x00000003
[inst #29] wfi 

Program terminated by dropping off the bottom.
