[inst #1] addi x1,x0,5
Register Write to Reg: 0x01 Val: 0x00000005
[inst #2] add x1,x1,x1
Register Write to Reg: 0x01 Val: 0x0000000A
[inst #3] addi x2,x0,3
Register Write to Reg: 0x02 Val: 0x00000003
[inst #4] add x2,x1,x2
Register Write to Reg: 0x02 Val: 0x0000000D
[inst #5] add x3,x2,x2
Register Write to Reg: 0x03 Val: 0x0000001A
[inst #6] addi x4,x0,42
Register Write to Reg: 0x04 Val: 0x0000002A
[inst #7] add x0,x4,x3
Register Write to Reg: 0x00 Val: 0x00000044
[inst #8] add x5,x0,x0
Register Write to Reg: 0x05 Val: 0x00000000
[inst #9] addi x17,x0,93
Register Write to Reg: 0x11 Val: 0x0000005D
[inst #10] wfi 

Program terminated by dropping off the bottom.
