[inst #1] lui x5,524287
Register Write to Reg: 0x05 Val: 0x7FFFF000
[inst #2] addi x5,x5,-1
Register Write to Reg: 0x05 Val: 0x7FFFEFFF
[inst #3] lui x6,524288
Register Write to Reg: 0x06 Val: 0x80000000
[inst #4] lui x7,524287
Register Write to Reg: 0x07 Val: 0x7FFFF000
[inst #5] addi x7,x7,-1
Register Write to Reg: 0x07 Val: 0x7FFFEFFF
[inst #6] bne x5,x6,12
[inst #7] addi x28,x0,1
Register Write to Reg: 0x1C Val: 0x00000001
[inst #8] bne x5,x7,12
[inst #9] addi x29,x0,1
Register Write to Reg: 0x1D Val: 0x00000001
[inst #10] jal x0,8
Register Write to Reg: 0x00 Val: 0x00400030
[inst #11] wfi 

Program terminated by dropping off the bottom.
