[inst #1] auipc x5,64528
Register Write to Reg: 0x05 Val: 0x10010000
[inst #2] addi x5,x5,0
Register Write to Reg: 0x05 Val: 0x10010000
[inst #3] auipc x6,64528
Register Write to Reg: 0x06 Val: 0x10010008
[inst #4] addi x6,x6,-4
Register Write to Reg: 0x06 Val: 0x10010004
[inst #5] auipc x7,0
Register Write to Reg: 0x07 Val: 0x00400010
[inst #6] addi x7,x7,12
Register Write to Reg: 0x07 Val: 0x0040001C
[inst #7] jalr x1,x7,0
Register Write to Reg: 0x01 Val: 0x0040001C
[inst #8] sw x5,0(x5)
Memory Write to Addr: 0x10010000 Val: 0x10010000
[inst #9] addi x1,x7,12
Register Write to Reg: 0x01 Val: 0x00400028
[inst #10] jalr x0,x1,0
Register Write to Reg: 0x00 Val: 0x00400028
[inst #11] sw x1,0(x6)
Memory Write to Addr: 0x10010004 Val: 0x00400028
[inst #12] wfi 

Program terminated by dropping off the bottom.
