[inst #1] addi x7,x0,0
Register Write to Reg: 0x07 Val: 0x00000000
[inst #2] addi x28,x0,0
Register Write to Reg: 0x1C Val: 0x00000000
[inst #3] addi x29,x0,0
Register Write to Reg: 0x1D Val: 0x00000000
[inst #4] addi x5,x0,-1
Register Write to Reg: 0x05 Val: 0xFFFFFFFF
[inst #5] addi x6,x0,-2
Register Write to Reg: 0x06 Val: 0xFFFFFFFE
[inst #6] bgeu x5,x6,8
[inst #7] addi x5,x0,-1
Register Write to Reg: 0x05 Val: 0xFFFFFFFF
[inst #8] addi x6,x0,-1
Register Write to Reg: 0x06 Val: 0xFFFFFFFF
[inst #9] bgeu x5,x6,8
[inst #10] addi x5,x0,-2
Register Write to Reg: 0x05 Val: 0xFFFFFFFE
[inst #11] addi x6,x0,-1
Register Write to Reg: 0x06 Val: 0xFFFFFFFF
[inst #12] bgeu x5,x6,8
[inst #13] addi x29,x0,2
Register Write to Reg: 0x1D Val: 0x00000002
[inst #14] wfi 

Program terminated by dropping off the bottom.
