In clock cycle: 0
Register Write to Reg: 0x01 Val: 0x0000007B
In clock cycle: 1
Register Write to Reg: 0x00 Val: 0x0000007C
In clock cycle: 2
Register Write to Reg: 0x02 Val: 0x00000000
In clock cycle: 3
Register Write to Reg: 0x03 Val: 0xFFFFFFFF
In clock cycle: 4
Register Write to Reg: 0x04 Val: 0xFFFFF800
In clock cycle: 5
Register Write to Reg: 0x05 Val: 0x00000000
In clock cycle: 6
Register Write to Reg: 0x06 Val: 0xFFFFFFFF
In clock cycle: 7
Register Write to Reg: 0x07 Val: 0x000007FE
In clock cycle: 8
Register Write to Reg: 0x08 Val: 0x000007FF
In clock cycle: 9
Register Write to Reg: 0x09 Val: 0x000007FE
In clock cycle: 10
Register Write to Reg: 0x09 Val: 0x000007FF
In clock cycle: 11
Register Write to Reg: 0x09 Val: 0x00000800
In clock cycle: 12
Register Write to Reg: 0x0A Val: 0x00000000
In clock cycle: 13
Register Write to Reg: 0x0A Val: 0x00000064
In clock cycle: 14
Register Write to Reg: 0x0A Val: 0x00000032
In clock cycle: 15
Register Write to Reg: 0x0A Val: 0x00000000
In clock cycle: 16
Register Write to Reg: 0x0B Val: 0x00000000
In clock cycle: 17
Register Write to Reg: 0x00 Val: 0x00000000
Execution is stopping! Clock Cycle: 18
