[inst #1] lui x5,-136484
Register Write to Reg: 0x05 Val: 0xDEADC000
[inst #2] addi x5,x5,-273
Register Write to Reg: 0x05 Val: 0xDEADBEEF
[inst #3] andi x6,x5,0
Register Write to Reg: 0x06 Val: 0x00000000
[inst #4] auipc x7,64528
Register Write to Reg: 0x07 Val: 0x1001000C
[inst #5] addi x7,x7,-12
Register Write to Reg: 0x07 Val: 0x10010000
[inst #6] sw x6,0(x7)
Memory Write to Addr: 0x10010000 Val: 0x00000000
[inst #7] lui x5,-217108
Register Write to Reg: 0x05 Val: 0xCAFEC000
[inst #8] addi x5,x5,-1346
Register Write to Reg: 0x05 Val: 0xCAFEBABE
[inst #9] andi x6,x5,-1
Register Write to Reg: 0x06 Val: 0xCAFEBABE
[inst #10] auipc x7,64528
Register Write to Reg: 0x07 Val: 0x10010024
[inst #11] addi x7,x7,-32
Register Write to Reg: 0x07 Val: 0x10010004
[inst #12] sw x6,0(x7)
Memory Write to Addr: 0x10010004 Val: 0xCAFEBABE
[inst #13] andi x28,x0,2047
Register Write to Reg: 0x1C Val: 0x00000000
[inst #14] auipc x7,64528
Register Write to Reg: 0x07 Val: 0x10010034
[inst #15] addi x7,x7,-44
Register Write to Reg: 0x07 Val: 0x10010008
[inst #16] sw x28,0(x7)
Memory Write to Addr: 0x10010008 Val: 0x00000000
[inst #17] wfi 

Program terminated by dropping off the bottom.
