[inst #1] auipc x3,64528
Register Write to Reg: 0x03 Val: 0x10010000
[inst #2] addi x3,x3,0
Register Write to Reg: 0x03 Val: 0x10010000
[inst #3] auipc x4,0
Register Write to Reg: 0x04 Val: 0x00400008
[inst #4] addi x4,x4,16
Register Write to Reg: 0x04 Val: 0x00400018
[inst #5] addi x4,x4,8
Register Write to Reg: 0x04 Val: 0x00400020
[inst #6] jalr x1,x4,0
Register Write to Reg: 0x01 Val: 0x00400018
[inst #7] addi x0,x0,0
Register Write to Reg: 0x00 Val: 0x00000000
[inst #8] addi x5,x0,1
Register Write to Reg: 0x05 Val: 0x00000001
[inst #9] sw x5,0(x3)
Memory Write to Addr: 0x10010000 Val: 0x00000001
[inst #10] addi x4,x4,20
Register Write to Reg: 0x04 Val: 0x00400034
[inst #11] jalr x1,x4,0
Register Write to Reg: 0x01 Val: 0x00400034
[inst #12] addi x5,x0,3
Register Write to Reg: 0x05 Val: 0x00000003
[inst #13] sw x5,0(x3)
Memory Write to Addr: 0x10010000 Val: 0x00000003
[inst #14] wfi 

Program terminated by dropping off the bottom.
